--------------------Moonraker Log Start--------------------
data_path: /home/pi/printer_data
is_default_data_path: False
config_file: /home/pi/klipper_config/moonraker.conf
startup_warnings: []
verbose: False
debug: False
asyncio_debug: False
is_backup_config: False
log_file: /home/pi/klipper_logs/moonraker.log
software_version: v0.7.1-780-gdde9bcc
python_version: 3.7.3 (default, Jan 22 2021, 20:04:44)  [GCC 8.3.0]

#################### Moonraker Configuration ####################

[server]
host = 0.0.0.0
port = 7125

[file_manager]

[data_store]
temperature_store_size = 600
gcode_store_size = 1000

[authorization]
force_logins = True
cors_domains = 
	*.local
	*.lan
	*://app.fluidd.xyz
trusted_clients = 
	10.0.0.0/8
	127.0.0.0/8
	169.254.0.0/16
	172.16.0.0/12
	192.168.0.0/16
	FE80::/10
	::1/128

[octoprint_compat]

[history]

[update_manager]
enable_auto_refresh = True

[update_manager client fluidd]
type = web
repo = cadriel/fluidd
path = ~/fluidd

#################################################################
All Configuration Files:
/home/pi/klipper_config/moonraker.conf
#################################################################
Unsafe Shutdown Count: 90

System Info:

***python***
  version: sys.version_info(major=3, minor=7, micro=3, releaselevel='final', serial=0)
  version_string: 3.7.3 (default, Jan 22 2021, 20:04:44)  [GCC 8.3.0]

***cpu_info***
  cpu_count: 4
  bits: 32bit
  processor: armv7l
  cpu_desc: ARMv7 Processor rev 4 (v7l)
  serial_number: db714f34
  hardware_desc: BCM2835
  model: Raspberry Pi 3 Model B Plus Rev 1.3
  total_memory: 892584
  memory_units: kB

***sd_info***
  manufacturer_id: 03
  manufacturer: Sandisk
  oem_id: 5344
  product_name: SK32G
  product_revision: 8.0
  serial_number: bf3b0342
  manufacturer_date: 2/2021
  capacity: 29.7 GiB
  total_bytes: 31914983424

***distribution***
  name: Raspbian GNU/Linux 10 (buster)
  id: raspbian
  version: 10
  version_parts: {'major': '10', 'minor': '', 'build_number': ''}
  like: debian
  codename: buster
  release_info: {'name': '0.', 'version_id': '4.0', 'id': 'fluiddpi'}

***virtualization***
  virt_type: none
  virt_identifier: none

***network***

***canbus***

Systemd unit moonraker.service:
unit_name: moonraker.service
is_default: True
Properties:
**Requires=['network-online.target', 'sysinit.target', '-.mount', 'system.slice']
**After=['systemd-journald.socket', '-.mount', 'basic.target', 'system.slice', 'sysinit.target', 'network-online.target']
**SupplementaryGroups=['moonraker-admin']
**EnvironmentFiles=/home/pi/printer_data/systemd/moonraker.env
**ExecStart=/home/pi/moonraker-env/bin/python $MOONRAKER_ARGS
**WorkingDirectory=/home/pi/moonraker
**FragmentPath=/etc/systemd/system/moonraker.service
**Description=API Server for Klipper SV1
**User=pi

Systemd unit klipper.service:
unit_name: klipper.service
is_default: True
Properties:
**Description=Starts klipper on startup
**ExecStart=/home/pi/klippy-env/bin/python /home/pi/klipper/klippy/klippy.py /home/pi/klipper_config/printer.cfg -l /home/pi/klipper_logs/klippy.log -a /tmp/klippy_uds
**FragmentPath=/etc/systemd/system/klipper.service
Klipper Version: v0.10.0-588-g51da02b7
2023-02-18 06:31:32,341 [authorization.py:_check_trusted_connection()] - Trusted Connection Detected, IP: 192.168.0.166
2023-02-18 06:31:32,476 [app.py:log_request()] - 101 GET /websocket?token=GIT5OGNHWWENCCTMRJS54D3K42N2MCI3 (192.168.0.166) [_TRUSTED_USER_] 3.40ms
2023-02-18 06:31:32,477 [websockets.py:open()] - Websocket Opened: ID: 1749214544, Proxied: True, User Agent: Mozilla/5.0 (Windows NT 10.0; Win64; x64) AppleWebKit/537.36 (KHTML, like Gecko) Chrome/110.0.0.0 Safari/537.36, Host Name: 192.168.0.161
2023-02-18 06:31:32,482 [websockets.py:_handle_identify()] - Websocket 1749214544 Client Identified - Name: fluidd, Version: 1.22.1-71bec92, Type: web
2023-02-18 06:31:32,483 [file_manager.py:get_file_list()] - Updating File List <config>...
2023-02-18 06:32:58,318 [app.py:log_request()] - 101 GET /websocket?token=Z4POAF4WJR24KDL233JU5MDEJOUSI6YD (192.168.0.166) [_TRUSTED_USER_] 2.93ms
2023-02-18 06:32:58,319 [websockets.py:open()] - Websocket Opened: ID: 1749215216, Proxied: True, User Agent: Mozilla/5.0 (Windows NT 10.0; Win64; x64) AppleWebKit/537.36 (KHTML, like Gecko) Chrome/110.0.0.0 Safari/537.36, Host Name: 192.168.0.161
2023-02-18 06:32:58,324 [websockets.py:_handle_identify()] - Websocket 1749215216 Client Identified - Name: fluidd, Version: 1.22.1-71bec92, Type: web
2023-02-18 06:32:58,325 [file_manager.py:get_file_list()] - Updating File List <config>...
2023-02-18 06:33:01,386 [websockets.py:on_close()] - Websocket Closed: ID: 1749214544 Close Code: 1001, Close Reason: None, Pong Time Elapsed: 8.90
2023-02-18 06:41:24,357 [shell_command.py:run_with_response()] - /home/pi/moonraker-env/bin/python: Object Processing is disabled

2023-02-18 06:41:24,358 [shell_command.py:_check_proc_success()] - Command (/home/pi/moonraker-env/bin/python /home/pi/moonraker/moonraker/components/file_manager/metadata.py -p /home/pi/gcode_files -f "test2.gcode") successfully finished
2023-02-18 06:41:24,378 [app.py:log_request()] - 201 POST /api/files/local (192.168.0.166) [_TRUSTED_USER_] 1368.95ms
2023-02-18 06:41:39,778 [job_state.py:_status_update()] - Job Started: test2.gcode
2023-02-18 06:44:08,287 [shell_command.py:run_with_response()] - /home/pi/moonraker-env/bin/python: Object Processing is disabled

2023-02-18 06:44:08,287 [shell_command.py:_check_proc_success()] - Command (/home/pi/moonraker-env/bin/python /home/pi/moonraker/moonraker/components/file_manager/metadata.py -p /home/pi/gcode_files -f "test3.gcode") successfully finished
2023-02-18 06:44:08,311 [app.py:log_request()] - 201 POST /api/files/local (192.168.0.166) [_TRUSTED_USER_] 1547.79ms
2023-02-18 06:44:09,489 [job_state.py:_status_update()] - Job Started: test3.gcode
2023-02-18 06:44:40,830 [klippy_connection.py:_process_status_update()] - Klippy has shutdown
2023-02-18 06:44:40,846 [proc_stats.py:_handle_shutdown()] - 
Moonraker System Usage Statistics:
System Time: 1676702651.337337, Usage: 3.12%, Memory: 26448 kB
System Time: 1676702652.339554, Usage: 2.96%, Memory: 26448 kB
System Time: 1676702653.340801, Usage: 3.11%, Memory: 26452 kB
System Time: 1676702654.339534, Usage: 2.98%, Memory: 26452 kB
System Time: 1676702655.339756, Usage: 2.71%, Memory: 26452 kB
System Time: 1676702656.341266, Usage: 2.64%, Memory: 26452 kB
System Time: 1676702657.343578, Usage: 2.78%, Memory: 26452 kB
System Time: 1676702658.343905, Usage: 5.68%, Memory: 26452 kB
System Time: 1676702659.344602, Usage: 2.84%, Memory: 26456 kB
System Time: 1676702660.345352, Usage: 2.73%, Memory: 26456 kB
System Time: 1676702661.347262, Usage: 2.77%, Memory: 26456 kB
System Time: 1676702662.347694, Usage: 2.83%, Memory: 26456 kB
System Time: 1676702663.349517, Usage: 2.74%, Memory: 26456 kB
System Time: 1676702664.350417, Usage: 2.77%, Memory: 26456 kB
System Time: 1676702665.351836, Usage: 2.71%, Memory: 26456 kB
System Time: 1676702666.354054, Usage: 2.64%, Memory: 26456 kB
System Time: 1676702667.354040, Usage: 2.79%, Memory: 26456 kB
System Time: 1676702668.355516, Usage: 5.69%, Memory: 26456 kB
System Time: 1676702669.357210, Usage: 2.89%, Memory: 26456 kB
System Time: 1676702670.357964, Usage: 2.85%, Memory: 26456 kB
System Time: 1676702671.361079, Usage: 2.79%, Memory: 26456 kB
System Time: 1676702672.360840, Usage: 2.96%, Memory: 26456 kB
System Time: 1676702673.361991, Usage: 3.34%, Memory: 26456 kB
System Time: 1676702674.363245, Usage: 2.98%, Memory: 26456 kB
System Time: 1676702675.364099, Usage: 2.75%, Memory: 26456 kB
System Time: 1676702676.366113, Usage: 2.67%, Memory: 26456 kB
System Time: 1676702677.366984, Usage: 2.77%, Memory: 26456 kB
System Time: 1676702678.368350, Usage: 6.11%, Memory: 26456 kB
System Time: 1676702679.368284, Usage: 2.91%, Memory: 26456 kB
System Time: 1676702680.368746, Usage: 2.59%, Memory: 26456 kB
CPU Temperature: 48.312
2023-02-18 06:44:40,887 [proc_stats.py:_handle_shutdown()] - Throttled Flags: 
2023-02-18 06:44:41,939 [klippy_connection.py:_on_connection_closed()] - Klippy Connection Removed
2023-02-18 06:44:42,030 [websockets.py:build_error()] - JSON-RPC Request Error: 503
Klippy Host not connected
Traceback (most recent call last):
  File "/home/pi/moonraker/moonraker/websockets.py", line 253, in execute_method
    result = await callback(params)
  File "/home/pi/moonraker/moonraker/websockets.py", line 351, in func
    user=sc.user_info))
  File "/home/pi/moonraker/moonraker/klippy_connection.py", line 471, in request
    raise ServerError("Klippy Host not connected", 503)
utils.ServerError: Klippy Host not connected
2023-02-18 06:44:43,201 [klippy_connection.py:_do_connect()] - Klippy Connection Established
2023-02-18 06:44:43,794 [klippy_connection.py:_init_klippy_connection()] - Webhooks Subscribed
2023-02-18 06:44:43,831 [klippy_connection.py:_init_klippy_connection()] - GCode Output Subscribed
2023-02-18 06:44:45,321 [job_state.py:_handle_started()] - Job state initialized: standby
2023-02-18 06:44:45,571 [klippy_connection.py:_check_ready()] - Klippy ready
2023-02-18 06:44:46,067 [data_store.py:_init_sensors()] - Configuring available sensors: ['heater_bed', 'temperature_sensor raspberry_pi', 'temperature_sensor mcu_temp', 'extruder']
2023-02-18 06:46:20,353 [websockets.py:build_error()] - JSON-RPC Request Error: 400
{'message': 'Must home axis first: 0.000 0.000 2.000 [-3.000]', 'error': 'WebRequestError'}
Traceback (most recent call last):
  File "/home/pi/moonraker/moonraker/websockets.py", line 253, in execute_method
    result = await callback(params)
  File "/home/pi/moonraker/moonraker/websockets.py", line 364, in func
    ip_addr=sc.ip_addr, user=sc.user_info))
  File "/home/pi/moonraker/moonraker/components/klippy_apis.py", line 71, in _gcode_cancel
    return await self.cancel_print()
  File "/home/pi/moonraker/moonraker/components/klippy_apis.py", line 140, in cancel_print
    "pause_resume/cancel", {}, default)
  File "/home/pi/moonraker/moonraker/components/klippy_apis.py", line 90, in _send_klippy_request
    WebRequest(method, params, conn=self))
  File "/home/pi/moonraker/moonraker/klippy_connection.py", line 481, in request
    return await self._request_standard(web_request)
  File "/home/pi/moonraker/moonraker/klippy_connection.py", line 536, in _request_standard
    return await base_request.wait()
  File "/home/pi/moonraker/moonraker/klippy_connection.py", line 608, in wait
    raise self.response
utils.ServerError: {'message': 'Must home axis first: 0.000 0.000 2.000 [-3.000]', 'error': 'WebRequestError'}
2023-02-18 06:46:28,121 [klippy_connection.py:_process_status_update()] - Klippy has shutdown
2023-02-18 06:46:28,131 [proc_stats.py:_handle_shutdown()] - 
Moonraker System Usage Statistics:
System Time: 1676702758.516575, Usage: 6.26%, Memory: 26816 kB
System Time: 1676702759.517727, Usage: 2.77%, Memory: 26816 kB
System Time: 1676702760.518987, Usage: 2.68%, Memory: 26816 kB
System Time: 1676702761.520818, Usage: 2.76%, Memory: 26816 kB
System Time: 1676702762.521838, Usage: 2.7%, Memory: 26816 kB
System Time: 1676702763.523652, Usage: 2.74%, Memory: 26816 kB
System Time: 1676702764.525182, Usage: 2.63%, Memory: 26816 kB
System Time: 1676702765.526673, Usage: 2.63%, Memory: 26816 kB
System Time: 1676702766.527774, Usage: 2.63%, Memory: 26816 kB
System Time: 1676702767.531680, Usage: 2.68%, Memory: 26816 kB
System Time: 1676702768.531130, Usage: 6.41%, Memory: 26816 kB
System Time: 1676702769.532466, Usage: 2.75%, Memory: 26816 kB
System Time: 1676702770.531644, Usage: 2.53%, Memory: 26816 kB
System Time: 1676702771.533490, Usage: 2.45%, Memory: 26816 kB
System Time: 1676702772.539230, Usage: 4.68%, Memory: 26816 kB
System Time: 1676702773.540341, Usage: 3.05%, Memory: 26816 kB
System Time: 1676702774.542199, Usage: 2.7%, Memory: 26816 kB
System Time: 1676702775.544853, Usage: 2.72%, Memory: 26816 kB
System Time: 1676702776.546720, Usage: 2.63%, Memory: 26816 kB
System Time: 1676702777.546862, Usage: 2.99%, Memory: 26816 kB
System Time: 1676702778.549415, Usage: 5.53%, Memory: 26816 kB
System Time: 1676702779.549431, Usage: 2.64%, Memory: 26816 kB
System Time: 1676702780.550847, Usage: 4.55%, Memory: 26816 kB
System Time: 1676702781.551753, Usage: 2.64%, Memory: 26816 kB
System Time: 1676702782.553742, Usage: 2.34%, Memory: 26816 kB
System Time: 1676702783.557435, Usage: 2.65%, Memory: 26816 kB
System Time: 1676702784.555365, Usage: 2.51%, Memory: 26816 kB
System Time: 1676702785.556065, Usage: 2.48%, Memory: 26816 kB
System Time: 1676702786.558183, Usage: 2.26%, Memory: 26816 kB
System Time: 1676702787.560136, Usage: 2.46%, Memory: 26816 kB
CPU Temperature: 49.388
2023-02-18 06:46:28,160 [proc_stats.py:_handle_shutdown()] - Throttled Flags: 
2023-02-18 06:46:29,150 [klippy_connection.py:_on_connection_closed()] - Klippy Connection Removed
2023-02-18 06:46:29,264 [websockets.py:build_error()] - JSON-RPC Request Error: 503
Klippy Host not connected
Traceback (most recent call last):
  File "/home/pi/moonraker/moonraker/websockets.py", line 253, in execute_method
    result = await callback(params)
  File "/home/pi/moonraker/moonraker/websockets.py", line 351, in func
    user=sc.user_info))
  File "/home/pi/moonraker/moonraker/klippy_connection.py", line 471, in request
    raise ServerError("Klippy Host not connected", 503)
utils.ServerError: Klippy Host not connected
2023-02-18 06:46:30,439 [klippy_connection.py:_do_connect()] - Klippy Connection Established
2023-02-18 06:46:31,060 [klippy_connection.py:_init_klippy_connection()] - Webhooks Subscribed
2023-02-18 06:46:31,084 [klippy_connection.py:_init_klippy_connection()] - GCode Output Subscribed
2023-02-18 06:46:32,586 [job_state.py:_handle_started()] - Job state initialized: standby
2023-02-18 06:46:32,827 [klippy_connection.py:_check_ready()] - Klippy ready
2023-02-18 06:46:33,328 [data_store.py:_init_sensors()] - Configuring available sensors: ['heater_bed', 'temperature_sensor raspberry_pi', 'temperature_sensor mcu_temp', 'extruder']
2023-02-18 06:46:53,893 [job_state.py:_status_update()] - Job Started: test3.gcode
2023-02-18 06:52:01,625 [klippy_connection.py:_process_status_update()] - Klippy has shutdown
2023-02-18 06:52:01,634 [proc_stats.py:_handle_shutdown()] - 
Moonraker System Usage Statistics:
System Time: 1676703091.983091, Usage: 3.12%, Memory: 27444 kB
System Time: 1676703092.984332, Usage: 2.99%, Memory: 27444 kB
System Time: 1676703093.984846, Usage: 3.06%, Memory: 27444 kB
System Time: 1676703094.985781, Usage: 2.81%, Memory: 27444 kB
System Time: 1676703095.987833, Usage: 2.94%, Memory: 27444 kB
System Time: 1676703096.988748, Usage: 2.83%, Memory: 27444 kB
System Time: 1676703097.992424, Usage: 3.08%, Memory: 27444 kB
System Time: 1676703098.991956, Usage: 7.18%, Memory: 27444 kB
System Time: 1676703099.993699, Usage: 3.24%, Memory: 27444 kB
System Time: 1676703100.994150, Usage: 3.12%, Memory: 27444 kB
System Time: 1676703101.995829, Usage: 2.93%, Memory: 27444 kB
System Time: 1676703102.996368, Usage: 2.84%, Memory: 27444 kB
System Time: 1676703103.996911, Usage: 2.82%, Memory: 27444 kB
System Time: 1676703104.998474, Usage: 2.69%, Memory: 27444 kB
System Time: 1676703106.000506, Usage: 2.94%, Memory: 27444 kB
System Time: 1676703107.001990, Usage: 2.75%, Memory: 27444 kB
System Time: 1676703108.005790, Usage: 2.83%, Memory: 27444 kB
System Time: 1676703109.008334, Usage: 6.4%, Memory: 27444 kB
System Time: 1676703110.009151, Usage: 3.03%, Memory: 27444 kB
System Time: 1676703111.012405, Usage: 2.77%, Memory: 27444 kB
System Time: 1676703112.014552, Usage: 2.96%, Memory: 27444 kB
System Time: 1676703113.015872, Usage: 2.9%, Memory: 27444 kB
System Time: 1676703114.017130, Usage: 3.01%, Memory: 27444 kB
System Time: 1676703115.018239, Usage: 2.78%, Memory: 27444 kB
System Time: 1676703116.020273, Usage: 3.01%, Memory: 27444 kB
System Time: 1676703117.020942, Usage: 2.88%, Memory: 27444 kB
System Time: 1676703118.023059, Usage: 2.85%, Memory: 27444 kB
System Time: 1676703119.025197, Usage: 6.56%, Memory: 27444 kB
System Time: 1676703120.026906, Usage: 2.97%, Memory: 27444 kB
System Time: 1676703121.029845, Usage: 3.03%, Memory: 27444 kB
CPU Temperature: 48.85
2023-02-18 06:52:01,670 [proc_stats.py:_handle_shutdown()] - Throttled Flags: 
2023-02-18 06:52:12,677 [klippy_connection.py:_on_connection_closed()] - Klippy Connection Removed
2023-02-18 06:52:12,778 [websockets.py:build_error()] - JSON-RPC Request Error: 503
Klippy Host not connected
Traceback (most recent call last):
  File "/home/pi/moonraker/moonraker/websockets.py", line 253, in execute_method
    result = await callback(params)
  File "/home/pi/moonraker/moonraker/websockets.py", line 351, in func
    user=sc.user_info))
  File "/home/pi/moonraker/moonraker/klippy_connection.py", line 471, in request
    raise ServerError("Klippy Host not connected", 503)
utils.ServerError: Klippy Host not connected
2023-02-18 06:52:13,938 [klippy_connection.py:_do_connect()] - Klippy Connection Established
2023-02-18 06:52:14,305 [klippy_connection.py:_init_klippy_connection()] - Webhooks Subscribed
2023-02-18 06:52:14,311 [klippy_connection.py:_init_klippy_connection()] - GCode Output Subscribed
2023-02-18 06:52:15,806 [job_state.py:_handle_started()] - Job state initialized: standby
2023-02-18 06:52:16,126 [klippy_connection.py:_check_ready()] - Klippy ready
2023-02-18 06:52:16,568 [data_store.py:_init_sensors()] - Configuring available sensors: ['heater_bed', 'temperature_sensor raspberry_pi', 'temperature_sensor mcu_temp', 'extruder']
2023-02-18 06:54:10,530 [shell_command.py:run_with_response()] - /home/pi/moonraker-env/bin/python: Object Processing is disabled

2023-02-18 06:54:10,531 [shell_command.py:_check_proc_success()] - Command (/home/pi/moonraker-env/bin/python /home/pi/moonraker/moonraker/components/file_manager/metadata.py -p /home/pi/gcode_files -f "test3.gcode") successfully finished
2023-02-18 06:54:10,549 [app.py:log_request()] - 201 POST /api/files/local (192.168.0.166) [_TRUSTED_USER_] 1809.26ms
2023-02-18 06:57:53,660 [job_state.py:_status_update()] - Job Started: test3.gcode
2023-02-18 07:19:29,641 [klippy_connection.py:_on_connection_closed()] - Klippy Connection Removed
2023-02-18 07:19:29,696 [websockets.py:build_error()] - JSON-RPC Request Error: 503
Klippy Host not connected
Traceback (most recent call last):
  File "/home/pi/moonraker/moonraker/websockets.py", line 253, in execute_method
    result = await callback(params)
  File "/home/pi/moonraker/moonraker/websockets.py", line 351, in func
    user=sc.user_info))
  File "/home/pi/moonraker/moonraker/klippy_connection.py", line 471, in request
    raise ServerError("Klippy Host not connected", 503)
utils.ServerError: Klippy Host not connected
2023-02-18 07:19:31,195 [websockets.py:build_error()] - JSON-RPC Request Error: 503
Klippy Host not connected
Traceback (most recent call last):
  File "/home/pi/moonraker/moonraker/websockets.py", line 253, in execute_method
    result = await callback(params)
  File "/home/pi/moonraker/moonraker/websockets.py", line 351, in func
    user=sc.user_info))
  File "/home/pi/moonraker/moonraker/klippy_connection.py", line 471, in request
    raise ServerError("Klippy Host not connected", 503)
utils.ServerError: Klippy Host not connected
2023-02-18 07:19:32,710 [websockets.py:build_error()] - JSON-RPC Request Error: 503
Klippy Host not connected
Traceback (most recent call last):
  File "/home/pi/moonraker/moonraker/websockets.py", line 253, in execute_method
    result = await callback(params)
  File "/home/pi/moonraker/moonraker/websockets.py", line 351, in func
    user=sc.user_info))
  File "/home/pi/moonraker/moonraker/klippy_connection.py", line 471, in request
    raise ServerError("Klippy Host not connected", 503)
utils.ServerError: Klippy Host not connected
2023-02-18 07:19:32,795 [websockets.py:build_error()] - JSON-RPC Request Error: 503
Klippy Host not connected
Traceback (most recent call last):
  File "/home/pi/moonraker/moonraker/websockets.py", line 253, in execute_method
    result = await callback(params)
  File "/home/pi/moonraker/moonraker/websockets.py", line 351, in func
    user=sc.user_info))
  File "/home/pi/moonraker/moonraker/klippy_connection.py", line 471, in request
    raise ServerError("Klippy Host not connected", 503)
utils.ServerError: Klippy Host not connected
2023-02-18 07:19:34,307 [websockets.py:build_error()] - JSON-RPC Request Error: 503
Klippy Host not connected
Traceback (most recent call last):
  File "/home/pi/moonraker/moonraker/websockets.py", line 253, in execute_method
    result = await callback(params)
  File "/home/pi/moonraker/moonraker/websockets.py", line 351, in func
    user=sc.user_info))
  File "/home/pi/moonraker/moonraker/klippy_connection.py", line 471, in request
    raise ServerError("Klippy Host not connected", 503)
utils.ServerError: Klippy Host not connected
2023-02-18 07:19:34,379 [websockets.py:build_error()] - JSON-RPC Request Error: 503
Klippy Host not connected
Traceback (most recent call last):
  File "/home/pi/moonraker/moonraker/websockets.py", line 253, in execute_method
    result = await callback(params)
  File "/home/pi/moonraker/moonraker/websockets.py", line 351, in func
    user=sc.user_info))
  File "/home/pi/moonraker/moonraker/klippy_connection.py", line 471, in request
    raise ServerError("Klippy Host not connected", 503)
utils.ServerError: Klippy Host not connected
2023-02-18 07:19:35,906 [websockets.py:build_error()] - JSON-RPC Request Error: 503
Klippy Host not connected
Traceback (most recent call last):
  File "/home/pi/moonraker/moonraker/websockets.py", line 253, in execute_method
    result = await callback(params)
  File "/home/pi/moonraker/moonraker/websockets.py", line 351, in func
    user=sc.user_info))
  File "/home/pi/moonraker/moonraker/klippy_connection.py", line 471, in request
    raise ServerError("Klippy Host not connected", 503)
utils.ServerError: Klippy Host not connected
2023-02-18 07:19:35,993 [websockets.py:build_error()] - JSON-RPC Request Error: 503
Klippy Host not connected
Traceback (most recent call last):
  File "/home/pi/moonraker/moonraker/websockets.py", line 253, in execute_method
    result = await callback(params)
  File "/home/pi/moonraker/moonraker/websockets.py", line 351, in func
    user=sc.user_info))
  File "/home/pi/moonraker/moonraker/klippy_connection.py", line 471, in request
    raise ServerError("Klippy Host not connected", 503)
utils.ServerError: Klippy Host not connected
2023-02-18 07:19:37,535 [websockets.py:build_error()] - JSON-RPC Request Error: 503
Klippy Host not connected
Traceback (most recent call last):
  File "/home/pi/moonraker/moonraker/websockets.py", line 253, in execute_method
    result = await callback(params)
  File "/home/pi/moonraker/moonraker/websockets.py", line 351, in func
    user=sc.user_info))
  File "/home/pi/moonraker/moonraker/klippy_connection.py", line 471, in request
    raise ServerError("Klippy Host not connected", 503)
utils.ServerError: Klippy Host not connected
2023-02-18 07:19:37,618 [websockets.py:build_error()] - JSON-RPC Request Error: 503
Klippy Host not connected
Traceback (most recent call last):
  File "/home/pi/moonraker/moonraker/websockets.py", line 253, in execute_method
    result = await callback(params)
  File "/home/pi/moonraker/moonraker/websockets.py", line 351, in func
    user=sc.user_info))
  File "/home/pi/moonraker/moonraker/klippy_connection.py", line 471, in request
    raise ServerError("Klippy Host not connected", 503)
utils.ServerError: Klippy Host not connected
2023-02-18 07:19:39,119 [websockets.py:build_error()] - JSON-RPC Request Error: 503
Klippy Host not connected
Traceback (most recent call last):
  File "/home/pi/moonraker/moonraker/websockets.py", line 253, in execute_method
    result = await callback(params)
  File "/home/pi/moonraker/moonraker/websockets.py", line 351, in func
    user=sc.user_info))
  File "/home/pi/moonraker/moonraker/klippy_connection.py", line 471, in request
    raise ServerError("Klippy Host not connected", 503)
utils.ServerError: Klippy Host not connected
2023-02-18 07:19:39,185 [websockets.py:build_error()] - JSON-RPC Request Error: 503
Klippy Host not connected
Traceback (most recent call last):
  File "/home/pi/moonraker/moonraker/websockets.py", line 253, in execute_method
    result = await callback(params)
  File "/home/pi/moonraker/moonraker/websockets.py", line 351, in func
    user=sc.user_info))
  File "/home/pi/moonraker/moonraker/klippy_connection.py", line 471, in request
    raise ServerError("Klippy Host not connected", 503)
utils.ServerError: Klippy Host not connected
2023-02-18 07:19:40,701 [websockets.py:build_error()] - JSON-RPC Request Error: 503
Klippy Host not connected
Traceback (most recent call last):
  File "/home/pi/moonraker/moonraker/websockets.py", line 253, in execute_method
    result = await callback(params)
  File "/home/pi/moonraker/moonraker/websockets.py", line 351, in func
    user=sc.user_info))
  File "/home/pi/moonraker/moonraker/klippy_connection.py", line 471, in request
    raise ServerError("Klippy Host not connected", 503)
utils.ServerError: Klippy Host not connected
2023-02-18 07:19:40,789 [websockets.py:build_error()] - JSON-RPC Request Error: 503
Klippy Host not connected
Traceback (most recent call last):
  File "/home/pi/moonraker/moonraker/websockets.py", line 253, in execute_method
    result = await callback(params)
  File "/home/pi/moonraker/moonraker/websockets.py", line 351, in func
    user=sc.user_info))
  File "/home/pi/moonraker/moonraker/klippy_connection.py", line 471, in request
    raise ServerError("Klippy Host not connected", 503)
utils.ServerError: Klippy Host not connected
2023-02-18 07:19:40,984 [klippy_connection.py:_do_connect()] - Klippy Connection Established
2023-02-18 07:19:41,594 [klippy_connection.py:_init_klippy_connection()] - Webhooks Subscribed
2023-02-18 07:19:41,620 [klippy_connection.py:_init_klippy_connection()] - GCode Output Subscribed
2023-02-18 07:19:42,401 [klippy_connection.py:_check_ready()] - 
Can not update MCU 'mcu' config as it is shutdown
Once the underlying issue is corrected, use the
"FIRMWARE_RESTART" command to reset the firmware, reload the
config, and restart the host software.
Error configuring printer

2023-02-18 07:19:44,763 [klippy_connection.py:_on_connection_closed()] - Klippy Connection Removed
2023-02-18 07:19:44,817 [websockets.py:build_error()] - JSON-RPC Request Error: 503
Klippy Host not connected
Traceback (most recent call last):
  File "/home/pi/moonraker/moonraker/websockets.py", line 253, in execute_method
    result = await callback(params)
  File "/home/pi/moonraker/moonraker/websockets.py", line 351, in func
    user=sc.user_info))
  File "/home/pi/moonraker/moonraker/klippy_connection.py", line 471, in request
    raise ServerError("Klippy Host not connected", 503)
utils.ServerError: Klippy Host not connected
2023-02-18 07:19:45,522 [klippy_connection.py:_do_connect()] - Klippy Connection Established
2023-02-18 07:19:46,156 [klippy_connection.py:_init_klippy_connection()] - Webhooks Subscribed
2023-02-18 07:19:46,182 [klippy_connection.py:_init_klippy_connection()] - GCode Output Subscribed
2023-02-18 07:19:46,952 [klippy_connection.py:_check_ready()] - 
Can not update MCU 'mcu' config as it is shutdown
Once the underlying issue is corrected, use the
"FIRMWARE_RESTART" command to reset the firmware, reload the
config, and restart the host software.
Error configuring printer

2023-02-18 07:19:49,146 [klippy_connection.py:_on_connection_closed()] - Klippy Connection Removed
2023-02-18 07:19:49,225 [websockets.py:build_error()] - JSON-RPC Request Error: 503
Klippy Host not connected
Traceback (most recent call last):
  File "/home/pi/moonraker/moonraker/websockets.py", line 253, in execute_method
    result = await callback(params)
  File "/home/pi/moonraker/moonraker/websockets.py", line 351, in func
    user=sc.user_info))
  File "/home/pi/moonraker/moonraker/klippy_connection.py", line 471, in request
    raise ServerError("Klippy Host not connected", 503)
utils.ServerError: Klippy Host not connected
2023-02-18 07:19:50,759 [websockets.py:build_error()] - JSON-RPC Request Error: 503
Klippy Host not connected
Traceback (most recent call last):
  File "/home/pi/moonraker/moonraker/websockets.py", line 253, in execute_method
    result = await callback(params)
  File "/home/pi/moonraker/moonraker/websockets.py", line 351, in func
    user=sc.user_info))
  File "/home/pi/moonraker/moonraker/klippy_connection.py", line 471, in request
    raise ServerError("Klippy Host not connected", 503)
utils.ServerError: Klippy Host not connected
2023-02-18 07:19:50,938 [websockets.py:build_error()] - JSON-RPC Request Error: 503
Klippy Host not connected
Traceback (most recent call last):
  File "/home/pi/moonraker/moonraker/websockets.py", line 253, in execute_method
    result = await callback(params)
  File "/home/pi/moonraker/moonraker/websockets.py", line 351, in func
    user=sc.user_info))
  File "/home/pi/moonraker/moonraker/klippy_connection.py", line 471, in request
    raise ServerError("Klippy Host not connected", 503)
utils.ServerError: Klippy Host not connected
2023-02-18 07:19:50,982 [klippy_connection.py:_do_connect()] - Klippy Connection Established
2023-02-18 07:19:51,432 [klippy_connection.py:_init_klippy_connection()] - Webhooks Subscribed
2023-02-18 07:19:51,458 [klippy_connection.py:_init_klippy_connection()] - GCode Output Subscribed
2023-02-18 07:19:52,231 [klippy_connection.py:_check_ready()] - 
Can not update MCU 'mcu' config as it is shutdown
Once the underlying issue is corrected, use the
"FIRMWARE_RESTART" command to reset the firmware, reload the
config, and restart the host software.
Error configuring printer

--------------------Moonraker Log Start--------------------
data_path: /home/pi/printer_data
is_default_data_path: False
config_file: /home/pi/klipper_config/moonraker.conf
startup_warnings: []
verbose: False
debug: False
asyncio_debug: False
is_backup_config: False
log_file: /home/pi/klipper_logs/moonraker.log
software_version: v0.7.1-780-gdde9bcc
python_version: 3.7.3 (default, Jan 22 2021, 20:04:44)  [GCC 8.3.0]
2023-02-18 07:17:21,333 [utils.py:setup_logging()] - data_path: /home/pi/printer_data
2023-02-18 07:17:21,333 [utils.py:setup_logging()] - is_default_data_path: False
2023-02-18 07:17:21,333 [utils.py:setup_logging()] - config_file: /home/pi/klipper_config/moonraker.conf
2023-02-18 07:17:21,333 [utils.py:setup_logging()] - startup_warnings: []
2023-02-18 07:17:21,333 [utils.py:setup_logging()] - verbose: False
2023-02-18 07:17:21,333 [utils.py:setup_logging()] - debug: False
2023-02-18 07:17:21,333 [utils.py:setup_logging()] - asyncio_debug: False
2023-02-18 07:17:21,334 [utils.py:setup_logging()] - is_backup_config: False
2023-02-18 07:17:21,334 [utils.py:setup_logging()] - log_file: /home/pi/klipper_logs/moonraker.log
2023-02-18 07:17:21,334 [utils.py:setup_logging()] - software_version: v0.7.1-780-gdde9bcc
2023-02-18 07:17:21,334 [utils.py:setup_logging()] - python_version: 3.7.3 (default, Jan 22 2021, 20:04:44)  [GCC 8.3.0]
2023-02-18 07:17:21,348 [confighelper.py:read_file()] - Configuration File '/home/pi/klipper_config/moonraker.conf' parsed, total size: 3450 B
2023-02-18 07:17:21,348 [moonraker.py:add_log_rollover_item()] - 
#################### Moonraker Configuration ####################

[server]
host = 0.0.0.0
port = 7125

[file_manager]

[data_store]
temperature_store_size = 600
gcode_store_size = 1000

[authorization]
force_logins = True
cors_domains = 
	*.local
	*.lan
	*://app.fluidd.xyz
trusted_clients = 
	10.0.0.0/8
	127.0.0.0/8
	169.254.0.0/16
	172.16.0.0/12
	192.168.0.0/16
	FE80::/10
	::1/128

[octoprint_compat]

[history]

[update_manager]
enable_auto_refresh = True

[update_manager client fluidd]
type = web
repo = cadriel/fluidd
path = ~/fluidd

#################################################################
All Configuration Files:
/home/pi/klipper_config/moonraker.conf
#################################################################
2023-02-18 07:17:21,370 [app.py:register_local_handler()] - Registering HTTP Endpoint: (GET) /server/info
2023-02-18 07:17:21,371 [websockets.py:register_api_handler()] - Registering Websocket JSON-RPC methods: server.info
2023-02-18 07:17:21,371 [app.py:register_local_handler()] - Registering HTTP Endpoint: (GET) /server/config
2023-02-18 07:17:21,372 [websockets.py:register_api_handler()] - Registering Websocket JSON-RPC methods: server.config
2023-02-18 07:17:21,372 [app.py:register_local_handler()] - Registering HTTP Endpoint: (POST) /server/restart
2023-02-18 07:17:21,373 [websockets.py:register_api_handler()] - Registering Websocket JSON-RPC methods: server.restart
2023-02-18 07:17:21,522 [moonraker.py:load_component()] - Component (dbus_manager) loaded
2023-02-18 07:17:21,591 [moonraker.py:add_log_rollover_item()] - Unsafe Shutdown Count: 91
2023-02-18 07:17:21,606 [app.py:register_local_handler()] - Registering HTTP Endpoint: (GET) /server/database/list
2023-02-18 07:17:21,607 [websockets.py:register_api_handler()] - Registering Websocket JSON-RPC methods: server.database.list
2023-02-18 07:17:21,607 [app.py:register_local_handler()] - Registering HTTP Endpoint: (GET POST DELETE) /server/database/item
2023-02-18 07:17:21,608 [websockets.py:register_api_handler()] - Registering Websocket JSON-RPC methods: server.database.get_item, server.database.post_item, server.database.delete_item
2023-02-18 07:17:21,609 [moonraker.py:load_component()] - Component (database) loaded
2023-02-18 07:17:21,699 [app.py:register_local_handler()] - Registering HTTP Endpoint: (GET) /server/files/list
2023-02-18 07:17:21,700 [websockets.py:register_api_handler()] - Registering Websocket JSON-RPC methods: server.files.list
2023-02-18 07:17:21,700 [app.py:register_local_handler()] - Registering HTTP Endpoint: (GET) /server/files/metadata
2023-02-18 07:17:21,701 [websockets.py:register_api_handler()] - Registering Websocket JSON-RPC methods: server.files.metadata
2023-02-18 07:17:21,701 [app.py:register_local_handler()] - Registering HTTP Endpoint: (GET) /server/files/roots
2023-02-18 07:17:21,702 [websockets.py:register_api_handler()] - Registering Websocket JSON-RPC methods: server.files.roots
2023-02-18 07:17:21,702 [app.py:register_local_handler()] - Registering HTTP Endpoint: (GET POST DELETE) /server/files/directory
2023-02-18 07:17:21,704 [websockets.py:register_api_handler()] - Registering Websocket JSON-RPC methods: server.files.get_directory, server.files.post_directory, server.files.delete_directory
2023-02-18 07:17:21,704 [app.py:register_local_handler()] - Registering HTTP Endpoint: (POST) /server/files/move
2023-02-18 07:17:21,705 [websockets.py:register_api_handler()] - Registering Websocket JSON-RPC methods: server.files.move
2023-02-18 07:17:21,706 [app.py:register_local_handler()] - Registering HTTP Endpoint: (POST) /server/files/copy
2023-02-18 07:17:21,706 [websockets.py:register_api_handler()] - Registering Websocket JSON-RPC methods: server.files.copy
2023-02-18 07:17:21,706 [websockets.py:register_api_handler()] - Registering Websocket JSON-RPC methods: server.files.delete_file
2023-02-18 07:17:21,722 [moonraker.py:load_component()] - Component (file_manager) loaded
2023-02-18 07:17:21,726 [app.py:register_local_handler()] - Registering HTTP Endpoint: (POST) /printer/print/pause
2023-02-18 07:17:21,727 [websockets.py:register_api_handler()] - Registering Websocket JSON-RPC methods: printer.print.pause
2023-02-18 07:17:21,727 [app.py:register_local_handler()] - Registering HTTP Endpoint: (POST) /printer/print/resume
2023-02-18 07:17:21,729 [websockets.py:register_api_handler()] - Registering Websocket JSON-RPC methods: printer.print.resume
2023-02-18 07:17:21,729 [app.py:register_local_handler()] - Registering HTTP Endpoint: (POST) /printer/print/cancel
2023-02-18 07:17:21,730 [websockets.py:register_api_handler()] - Registering Websocket JSON-RPC methods: printer.print.cancel
2023-02-18 07:17:21,730 [app.py:register_local_handler()] - Registering HTTP Endpoint: (POST) /printer/print/start
2023-02-18 07:17:21,732 [websockets.py:register_api_handler()] - Registering Websocket JSON-RPC methods: printer.print.start
2023-02-18 07:17:21,732 [app.py:register_local_handler()] - Registering HTTP Endpoint: (POST) /printer/restart
2023-02-18 07:17:21,733 [websockets.py:register_api_handler()] - Registering Websocket JSON-RPC methods: printer.restart
2023-02-18 07:17:21,733 [app.py:register_local_handler()] - Registering HTTP Endpoint: (POST) /printer/firmware_restart
2023-02-18 07:17:21,734 [websockets.py:register_api_handler()] - Registering Websocket JSON-RPC methods: printer.firmware_restart
2023-02-18 07:17:21,734 [moonraker.py:load_component()] - Component (klippy_apis) loaded
2023-02-18 07:17:22,311 [moonraker.py:load_component()] - Component (secrets) loaded
2023-02-18 07:17:22,326 [moonraker.py:load_component()] - Component (template) loaded
2023-02-18 07:17:22,420 [moonraker.py:add_log_rollover_item()] - 
System Info:

***python***
  version: sys.version_info(major=3, minor=7, micro=3, releaselevel='final', serial=0)
  version_string: 3.7.3 (default, Jan 22 2021, 20:04:44)  [GCC 8.3.0]

***cpu_info***
  cpu_count: 4
  bits: 32bit
  processor: armv7l
  cpu_desc: ARMv7 Processor rev 4 (v7l)
  serial_number: db714f34
  hardware_desc: BCM2835
  model: Raspberry Pi 3 Model B Plus Rev 1.3
  total_memory: 892584
  memory_units: kB

***sd_info***
  manufacturer_id: 03
  manufacturer: Sandisk
  oem_id: 5344
  product_name: SK32G
  product_revision: 8.0
  serial_number: bf3b0342
  manufacturer_date: 2/2021
  capacity: 29.7 GiB
  total_bytes: 31914983424

***distribution***
  name: Raspbian GNU/Linux 10 (buster)
  id: raspbian
  version: 10
  version_parts: {'major': '10', 'minor': '', 'build_number': ''}
  like: debian
  codename: buster
  release_info: {'name': '0.', 'version_id': '4.0', 'id': 'fluiddpi'}

***virtualization***
  virt_type: none
  virt_identifier: none

***network***

***canbus***
2023-02-18 07:17:22,432 [moonraker.py:load_component()] - Component (shell_command) loaded
2023-02-18 07:17:22,432 [machine.py:__init__()] - Using System Provider: systemd_dbus
2023-02-18 07:17:22,433 [app.py:register_local_handler()] - Registering HTTP Endpoint: (POST) /machine/reboot
2023-02-18 07:17:22,434 [websockets.py:register_api_handler()] - Registering Websocket JSON-RPC methods: machine.reboot
2023-02-18 07:17:22,434 [app.py:register_local_handler()] - Registering HTTP Endpoint: (POST) /machine/shutdown
2023-02-18 07:17:22,436 [websockets.py:register_api_handler()] - Registering Websocket JSON-RPC methods: machine.shutdown
2023-02-18 07:17:22,436 [app.py:register_local_handler()] - Registering HTTP Endpoint: (POST) /machine/services/restart
2023-02-18 07:17:22,438 [websockets.py:register_api_handler()] - Registering Websocket JSON-RPC methods: machine.services.restart
2023-02-18 07:17:22,438 [app.py:register_local_handler()] - Registering HTTP Endpoint: (POST) /machine/services/stop
2023-02-18 07:17:22,439 [websockets.py:register_api_handler()] - Registering Websocket JSON-RPC methods: machine.services.stop
2023-02-18 07:17:22,440 [app.py:register_local_handler()] - Registering HTTP Endpoint: (POST) /machine/services/start
2023-02-18 07:17:22,441 [websockets.py:register_api_handler()] - Registering Websocket JSON-RPC methods: machine.services.start
2023-02-18 07:17:22,442 [app.py:register_local_handler()] - Registering HTTP Endpoint: (GET) /machine/system_info
2023-02-18 07:17:22,442 [websockets.py:register_api_handler()] - Registering Websocket JSON-RPC methods: machine.system_info
2023-02-18 07:17:22,442 [app.py:register_local_handler()] - Registering HTTP Endpoint: (GET) /machine/sudo/info
2023-02-18 07:17:22,447 [websockets.py:register_api_handler()] - Registering Websocket JSON-RPC methods: machine.sudo.info
2023-02-18 07:17:22,447 [app.py:register_local_handler()] - Registering HTTP Endpoint: (POST) /machine/sudo/password
2023-02-18 07:17:22,448 [websockets.py:register_api_handler()] - Registering Websocket JSON-RPC methods: machine.sudo.password
2023-02-18 07:17:22,451 [moonraker.py:load_component()] - Component (machine) loaded
2023-02-18 07:17:22,455 [app.py:register_local_handler()] - Registering HTTP Endpoint: (GET) /server/temperature_store
2023-02-18 07:17:22,456 [websockets.py:register_api_handler()] - Registering Websocket JSON-RPC methods: server.temperature_store
2023-02-18 07:17:22,456 [app.py:register_local_handler()] - Registering HTTP Endpoint: (GET) /server/gcode_store
2023-02-18 07:17:22,457 [websockets.py:register_api_handler()] - Registering Websocket JSON-RPC methods: server.gcode_store
2023-02-18 07:17:22,457 [moonraker.py:load_component()] - Component (data_store) loaded
2023-02-18 07:17:22,463 [proc_stats.py:__init__()] - Detected 'vcgencmd', throttle checking enabled
2023-02-18 07:17:22,465 [app.py:register_local_handler()] - Registering HTTP Endpoint: (GET) /machine/proc_stats
2023-02-18 07:17:22,466 [websockets.py:register_api_handler()] - Registering Websocket JSON-RPC methods: machine.proc_stats
2023-02-18 07:17:22,467 [moonraker.py:load_component()] - Component (proc_stats) loaded
2023-02-18 07:17:22,470 [moonraker.py:load_component()] - Component (job_state) loaded
2023-02-18 07:17:22,475 [app.py:register_local_handler()] - Registering HTTP Endpoint: (POST DELETE) /server/job_queue/job
2023-02-18 07:17:22,477 [websockets.py:register_api_handler()] - Registering Websocket JSON-RPC methods: server.job_queue.post_job, server.job_queue.delete_job
2023-02-18 07:17:22,477 [app.py:register_local_handler()] - Registering HTTP Endpoint: (POST) /server/job_queue/pause
2023-02-18 07:17:22,479 [websockets.py:register_api_handler()] - Registering Websocket JSON-RPC methods: server.job_queue.pause
2023-02-18 07:17:22,479 [app.py:register_local_handler()] - Registering HTTP Endpoint: (POST) /server/job_queue/start
2023-02-18 07:17:22,480 [websockets.py:register_api_handler()] - Registering Websocket JSON-RPC methods: server.job_queue.start
2023-02-18 07:17:22,481 [app.py:register_local_handler()] - Registering HTTP Endpoint: (GET) /server/job_queue/status
2023-02-18 07:17:22,484 [websockets.py:register_api_handler()] - Registering Websocket JSON-RPC methods: server.job_queue.status
2023-02-18 07:17:22,485 [moonraker.py:load_component()] - Component (job_queue) loaded
2023-02-18 07:17:22,503 [moonraker.py:load_component()] - Component (http_client) loaded
2023-02-18 07:17:22,510 [app.py:register_local_handler()] - Registering HTTP Endpoint: (GET) /server/announcements/list
2023-02-18 07:17:22,511 [websockets.py:register_api_handler()] - Registering Websocket JSON-RPC methods: server.announcements.list
2023-02-18 07:17:22,512 [app.py:register_local_handler()] - Registering HTTP Endpoint: (POST) /server/announcements/dismiss
2023-02-18 07:17:22,513 [websockets.py:register_api_handler()] - Registering Websocket JSON-RPC methods: server.announcements.dismiss
2023-02-18 07:17:22,513 [app.py:register_local_handler()] - Registering HTTP Endpoint: (POST) /server/announcements/update
2023-02-18 07:17:22,514 [websockets.py:register_api_handler()] - Registering Websocket JSON-RPC methods: server.announcements.update
2023-02-18 07:17:22,515 [app.py:register_local_handler()] - Registering HTTP Endpoint: (POST DELETE) /server/announcements/feed
2023-02-18 07:17:22,516 [websockets.py:register_api_handler()] - Registering Websocket JSON-RPC methods: server.announcements.post_feed, server.announcements.delete_feed
2023-02-18 07:17:22,516 [app.py:register_local_handler()] - Registering HTTP Endpoint: (GET) /server/announcements/feeds
2023-02-18 07:17:22,517 [websockets.py:register_api_handler()] - Registering Websocket JSON-RPC methods: server.announcements.feeds
2023-02-18 07:17:22,517 [moonraker.py:load_component()] - Component (announcements) loaded
2023-02-18 07:17:22,532 [app.py:register_local_handler()] - Registering HTTP Endpoint: (GET) /server/webcams/list
2023-02-18 07:17:22,533 [websockets.py:register_api_handler()] - Registering Websocket JSON-RPC methods: server.webcams.list
2023-02-18 07:17:22,533 [app.py:register_local_handler()] - Registering HTTP Endpoint: (GET POST DELETE) /server/webcams/item
2023-02-18 07:17:22,534 [websockets.py:register_api_handler()] - Registering Websocket JSON-RPC methods: server.webcams.get_item, server.webcams.post_item, server.webcams.delete_item
2023-02-18 07:17:22,534 [app.py:register_local_handler()] - Registering HTTP Endpoint: (POST) /server/webcams/test
2023-02-18 07:17:22,535 [websockets.py:register_api_handler()] - Registering Websocket JSON-RPC methods: server.webcams.test
2023-02-18 07:17:22,535 [moonraker.py:load_component()] - Component (webcam) loaded
2023-02-18 07:17:22,539 [websockets.py:register_api_handler()] - Registering Websocket JSON-RPC methods: connection.send_event
2023-02-18 07:17:22,539 [app.py:register_local_handler()] - Registering HTTP Endpoint: (GET) /server/extensions/list
2023-02-18 07:17:22,540 [websockets.py:register_api_handler()] - Registering Websocket JSON-RPC methods: server.extensions.list
2023-02-18 07:17:22,540 [app.py:register_local_handler()] - Registering HTTP Endpoint: (POST) /server/extensions/request
2023-02-18 07:17:22,541 [websockets.py:register_api_handler()] - Registering Websocket JSON-RPC methods: server.extensions.request
2023-02-18 07:17:22,541 [moonraker.py:load_component()] - Component (extensions) loaded
2023-02-18 07:17:22,592 [authorization.py:__init__()] - Authorization Configuration Loaded
Trusted Clients:
10.0.0.0/8
127.0.0.0/8
169.254.0.0/16
172.16.0.0/12
192.168.0.0/16
fe80::/10
::1/128
CORS Domains:
.*\.local
.*\.lan
.*://app\.fluidd\.xyz
2023-02-18 07:17:22,593 [app.py:register_local_handler()] - Registering HTTP Endpoint: (POST) /access/login
2023-02-18 07:17:22,593 [app.py:register_local_handler()] - Registering HTTP Endpoint: (POST) /access/logout
2023-02-18 07:17:22,594 [app.py:register_local_handler()] - Registering HTTP Endpoint: (POST) /access/refresh_jwt
2023-02-18 07:17:22,594 [app.py:register_local_handler()] - Registering HTTP Endpoint: (GET POST DELETE) /access/user
2023-02-18 07:17:22,595 [app.py:register_local_handler()] - Registering HTTP Endpoint: (GET) /access/users/list
2023-02-18 07:17:22,596 [app.py:register_local_handler()] - Registering HTTP Endpoint: (POST) /access/user/password
2023-02-18 07:17:22,596 [app.py:register_local_handler()] - Registering HTTP Endpoint: (GET POST) /access/api_key
2023-02-18 07:17:22,597 [app.py:register_local_handler()] - Registering HTTP Endpoint: (GET) /access/oneshot_token
2023-02-18 07:17:22,597 [app.py:register_local_handler()] - Registering HTTP Endpoint: (GET) /access/info
2023-02-18 07:17:22,599 [moonraker.py:load_component()] - Component (authorization) loaded
2023-02-18 07:17:22,605 [app.py:register_local_handler()] - Registering HTTP Endpoint: (GET) /api/version
2023-02-18 07:17:22,606 [app.py:register_local_handler()] - Registering HTTP Endpoint: (GET) /api/server
2023-02-18 07:17:22,607 [app.py:register_local_handler()] - Registering HTTP Endpoint: (POST) /api/login
2023-02-18 07:17:22,607 [app.py:register_local_handler()] - Registering HTTP Endpoint: (GET) /api/currentuser
2023-02-18 07:17:22,608 [app.py:register_local_handler()] - Registering HTTP Endpoint: (GET) /api/settings
2023-02-18 07:17:22,608 [app.py:register_local_handler()] - Registering HTTP Endpoint: (GET) /api/job
2023-02-18 07:17:22,609 [app.py:register_local_handler()] - Registering HTTP Endpoint: (GET) /api/printer
2023-02-18 07:17:22,609 [app.py:register_local_handler()] - Registering HTTP Endpoint: (POST) /api/printer/command
2023-02-18 07:17:22,610 [app.py:register_local_handler()] - Registering HTTP Endpoint: (GET) /api/printerprofiles
2023-02-18 07:17:22,614 [app.py:register_local_handler()] - Registering HTTP Endpoint: (POST) /api/files/moonraker/(?P<relative_path>.+)
2023-02-18 07:17:22,616 [moonraker.py:load_component()] - Component (octoprint_compat) loaded
2023-02-18 07:17:22,621 [app.py:register_local_handler()] - Registering HTTP Endpoint: (GET DELETE) /server/history/job
2023-02-18 07:17:22,622 [websockets.py:register_api_handler()] - Registering Websocket JSON-RPC methods: server.history.get_job, server.history.delete_job
2023-02-18 07:17:22,622 [app.py:register_local_handler()] - Registering HTTP Endpoint: (GET) /server/history/list
2023-02-18 07:17:22,622 [websockets.py:register_api_handler()] - Registering Websocket JSON-RPC methods: server.history.list
2023-02-18 07:17:22,623 [app.py:register_local_handler()] - Registering HTTP Endpoint: (GET) /server/history/totals
2023-02-18 07:17:22,624 [websockets.py:register_api_handler()] - Registering Websocket JSON-RPC methods: server.history.totals
2023-02-18 07:17:22,624 [app.py:register_local_handler()] - Registering HTTP Endpoint: (POST) /server/history/reset_totals
2023-02-18 07:17:22,625 [websockets.py:register_api_handler()] - Registering Websocket JSON-RPC methods: server.history.reset_totals
2023-02-18 07:17:22,628 [moonraker.py:load_component()] - Component (history) loaded
2023-02-18 07:17:22,711 [app.py:register_local_handler()] - Registering HTTP Endpoint: (POST) /machine/update/moonraker
2023-02-18 07:17:22,712 [websockets.py:register_api_handler()] - Registering Websocket JSON-RPC methods: machine.update.moonraker
2023-02-18 07:17:22,712 [app.py:register_local_handler()] - Registering HTTP Endpoint: (POST) /machine/update/klipper
2023-02-18 07:17:22,712 [websockets.py:register_api_handler()] - Registering Websocket JSON-RPC methods: machine.update.klipper
2023-02-18 07:17:22,713 [app.py:register_local_handler()] - Registering HTTP Endpoint: (POST) /machine/update/system
2023-02-18 07:17:22,713 [websockets.py:register_api_handler()] - Registering Websocket JSON-RPC methods: machine.update.system
2023-02-18 07:17:22,713 [app.py:register_local_handler()] - Registering HTTP Endpoint: (POST) /machine/update/client
2023-02-18 07:17:22,714 [websockets.py:register_api_handler()] - Registering Websocket JSON-RPC methods: machine.update.client
2023-02-18 07:17:22,714 [app.py:register_local_handler()] - Registering HTTP Endpoint: (POST) /machine/update/full
2023-02-18 07:17:22,715 [websockets.py:register_api_handler()] - Registering Websocket JSON-RPC methods: machine.update.full
2023-02-18 07:17:22,715 [app.py:register_local_handler()] - Registering HTTP Endpoint: (GET) /machine/update/status
2023-02-18 07:17:22,716 [websockets.py:register_api_handler()] - Registering Websocket JSON-RPC methods: machine.update.status
2023-02-18 07:17:22,716 [app.py:register_local_handler()] - Registering HTTP Endpoint: (POST) /machine/update/recover
2023-02-18 07:17:22,717 [websockets.py:register_api_handler()] - Registering Websocket JSON-RPC methods: machine.update.recover
2023-02-18 07:17:22,717 [moonraker.py:load_component()] - Component (update_manager) loaded
2023-02-18 07:17:22,718 [moonraker.py:_initialize_component()] - Performing Component Post Init: [dbus_manager]
2023-02-18 07:17:22,904 [moonraker.py:_initialize_component()] - Performing Component Post Init: [file_manager]
2023-02-18 07:17:22,942 [moonraker.py:_initialize_component()] - Performing Component Post Init: [machine]
2023-02-18 07:17:22,943 [machine.py:validation_init()] - Installation version in database up to date
2023-02-18 07:17:23,241 [machine.py:check_virt_status()] - No Virtualization Detected
2023-02-18 07:17:23,258 [machine.py:_find_public_ip()] - Detected Local IP: 192.168.0.161
2023-02-18 07:17:23,263 [webcam.py:_set_default_host_ip()] - Default public webcam address set: http://192.168.0.161
2023-02-18 07:17:23,368 [moonraker.py:add_log_rollover_item()] - 
Systemd unit moonraker.service:
unit_name: moonraker.service
is_default: True
Properties:
**Requires=['-.mount', 'network-online.target', 'system.slice', 'sysinit.target']
**After=['systemd-journald.socket', 'system.slice', 'network-online.target', 'sysinit.target', 'basic.target', '-.mount']
**SupplementaryGroups=['moonraker-admin']
**EnvironmentFiles=/home/pi/printer_data/systemd/moonraker.env
**ExecStart=/home/pi/moonraker-env/bin/python $MOONRAKER_ARGS
**WorkingDirectory=/home/pi/moonraker
**FragmentPath=/etc/systemd/system/moonraker.service
**Description=API Server for Klipper SV1
**User=pi
2023-02-18 07:17:23,368 [moonraker.py:_initialize_component()] - Performing Component Post Init: [proc_stats]
2023-02-18 07:17:23,368 [moonraker.py:_initialize_component()] - Performing Component Post Init: [announcements]
2023-02-18 07:17:23,370 [moonraker.py:_initialize_component()] - Performing Component Post Init: [webcam]
2023-02-18 07:17:23,370 [webcam.py:_set_default_host_ip()] - Default public webcam address set: http://192.168.0.161
2023-02-18 07:17:23,371 [moonraker.py:_initialize_component()] - Performing Component Post Init: [authorization]
2023-02-18 07:17:23,372 [moonraker.py:_initialize_component()] - Performing Component Post Init: [update_manager]
2023-02-18 07:17:23,372 [update_manager.py:component_init()] - Removing stale update_manager data: client fluidd
2023-02-18 07:17:23,412 [moonraker.py:add_log_rollover_item()] - CPU Throttled Flags: ['Previously Under-Volted', 'Previously Throttled']
2023-02-18 07:17:23,842 [update_manager.py:initialize()] - PackageDeploy: Using PackageKit Provider
2023-02-18 07:17:23,845 [update_manager.py:initialize()] - 
Initializing Client Updater: 'client fluidd',
Channel: stable
path: /home/pi/fluidd
2023-02-18 07:17:23,853 [extensions.py:start_unix_server()] - Creating Unix Domain Socket at '/home/pi/printer_data/comms/moonraker.sock'
2023-02-18 07:17:23,856 [moonraker.py:start_server()] - Starting Moonraker on (0.0.0.0, 7125), Hostname: fluiddpi
2023-02-18 07:17:23,858 [app.py:listen()] - SSL Certificate/Key not configured, aborting HTTPS Server startup
2023-02-18 07:17:24,112 [klippy_connection.py:_do_connect()] - Klippy Connection Established
2023-02-18 07:17:24,184 [moonraker.py:add_log_rollover_item()] - 
Systemd unit klipper.service:
unit_name: klipper.service
is_default: True
Properties:
**Description=Starts klipper on startup
**ExecStart=/home/pi/klippy-env/bin/python /home/pi/klipper/klippy/klippy.py /home/pi/klipper_config/printer.cfg -l /home/pi/klipper_logs/klippy.log -a /tmp/klippy_uds
**FragmentPath=/etc/systemd/system/klipper.service
2023-02-18 07:17:24,440 [klippy_connection.py:_init_klippy_connection()] - Webhooks Subscribed
2023-02-18 07:17:24,445 [klippy_connection.py:_init_klippy_connection()] - GCode Output Subscribed
2023-02-18 07:17:24,450 [moonraker.py:add_log_rollover_item()] - Klipper Version: v0.10.0-588-g51da02b7
2023-02-18 07:17:24,458 [app.py:register_remote_handler()] - Registering HTTP endpoint: (GET POST) /printer/info
2023-02-18 07:17:24,459 [websockets.py:register_api_handler()] - Registering Websocket JSON-RPC methods: printer.info
2023-02-18 07:17:24,460 [app.py:register_remote_handler()] - Registering HTTP endpoint: (GET POST) /printer/query_endstops/status
2023-02-18 07:17:24,462 [websockets.py:register_api_handler()] - Registering Websocket JSON-RPC methods: printer.query_endstops.status
2023-02-18 07:17:24,463 [app.py:register_remote_handler()] - Registering HTTP endpoint: (GET POST) /printer/emergency_stop
2023-02-18 07:17:24,467 [websockets.py:register_api_handler()] - Registering Websocket JSON-RPC methods: printer.emergency_stop
2023-02-18 07:17:24,467 [app.py:register_remote_handler()] - Registering HTTP endpoint: (GET POST) /printer/pause_resume/pause
2023-02-18 07:17:24,469 [websockets.py:register_api_handler()] - Registering Websocket JSON-RPC methods: printer.pause_resume.pause
2023-02-18 07:17:24,470 [app.py:register_remote_handler()] - Registering HTTP endpoint: (GET POST) /printer/objects/query
2023-02-18 07:17:24,472 [websockets.py:register_api_handler()] - Registering Websocket JSON-RPC methods: printer.objects.query
2023-02-18 07:17:24,472 [app.py:register_remote_handler()] - Registering HTTP endpoint: (GET POST) /printer/objects/list
2023-02-18 07:17:24,474 [websockets.py:register_api_handler()] - Registering Websocket JSON-RPC methods: printer.objects.list
2023-02-18 07:17:24,474 [app.py:register_remote_handler()] - Registering HTTP endpoint: (GET POST) /printer/motion_report/dump_stepper
2023-02-18 07:17:24,475 [websockets.py:register_api_handler()] - Registering Websocket JSON-RPC methods: printer.motion_report.dump_stepper
2023-02-18 07:17:24,477 [app.py:register_remote_handler()] - Registering HTTP endpoint: (GET POST) /printer/gcode/firmware_restart
2023-02-18 07:17:24,478 [websockets.py:register_api_handler()] - Registering Websocket JSON-RPC methods: printer.gcode.firmware_restart
2023-02-18 07:17:24,479 [app.py:register_remote_handler()] - Registering HTTP endpoint: (GET POST) /printer/objects/subscribe
2023-02-18 07:17:24,480 [websockets.py:register_api_handler()] - Registering Websocket JSON-RPC methods: printer.objects.subscribe
2023-02-18 07:17:24,481 [app.py:register_remote_handler()] - Registering HTTP endpoint: (GET POST) /printer/gcode/script
2023-02-18 07:17:24,484 [websockets.py:register_api_handler()] - Registering Websocket JSON-RPC methods: printer.gcode.script
2023-02-18 07:17:24,485 [app.py:register_remote_handler()] - Registering HTTP endpoint: (GET POST) /printer/gcode/help
2023-02-18 07:17:24,486 [websockets.py:register_api_handler()] - Registering Websocket JSON-RPC methods: printer.gcode.help
2023-02-18 07:17:24,486 [app.py:register_remote_handler()] - Registering HTTP endpoint: (GET POST) /printer/pause_resume/resume
2023-02-18 07:17:24,487 [websockets.py:register_api_handler()] - Registering Websocket JSON-RPC methods: printer.pause_resume.resume
2023-02-18 07:17:24,488 [app.py:register_remote_handler()] - Registering HTTP endpoint: (GET POST) /printer/motion_report/dump_trapq
2023-02-18 07:17:24,492 [websockets.py:register_api_handler()] - Registering Websocket JSON-RPC methods: printer.motion_report.dump_trapq
2023-02-18 07:17:24,492 [app.py:register_remote_handler()] - Registering HTTP endpoint: (GET POST) /printer/pause_resume/cancel
2023-02-18 07:17:24,493 [websockets.py:register_api_handler()] - Registering Websocket JSON-RPC methods: printer.pause_resume.cancel
2023-02-18 07:17:24,493 [app.py:register_remote_handler()] - Registering HTTP endpoint: (GET POST) /printer/gcode/restart
2023-02-18 07:17:24,494 [websockets.py:register_api_handler()] - Registering Websocket JSON-RPC methods: printer.gcode.restart
2023-02-18 07:17:24,690 [job_state.py:_handle_started()] - Job state initialized: standby
2023-02-18 07:17:24,956 [klippy_connection.py:_check_ready()] - Klippy ready
2023-02-18 07:17:25,027 [authorization.py:_check_trusted_connection()] - Trusted Connection Detected, IP: 192.168.0.166
2023-02-18 07:17:25,126 [app.py:log_request()] - 101 GET /websocket?token=5O5AM4KYVRHQ73QZTBHHHDG452LP2KVD (192.168.0.166) [_TRUSTED_USER_] 3.46ms
2023-02-18 07:17:25,127 [websockets.py:open()] - Websocket Opened: ID: 1749794288, Proxied: True, User Agent: Mozilla/5.0 (Windows NT 10.0; Win64; x64) AppleWebKit/537.36 (KHTML, like Gecko) Chrome/110.0.0.0 Safari/537.36, Host Name: 192.168.0.161
2023-02-18 07:17:25,133 [websockets.py:_handle_identify()] - Websocket 1749794288 Client Identified - Name: fluidd, Version: 1.22.1-71bec92, Type: web
2023-02-18 07:17:25,135 [file_manager.py:get_file_list()] - Updating File List <config>...
2023-02-18 07:17:25,445 [data_store.py:_init_sensors()] - Configuring available sensors: ['heater_bed', 'temperature_sensor raspberry_pi', 'temperature_sensor mcu_temp', 'extruder']
2023-02-18 07:17:27,289 [update_manager.py:refresh()] - Detected 0 package updates:

2023-02-18 07:17:27,339 [shell_command.py:_check_proc_success()] - Command (git -C /home/pi/moonraker status -u no) successfully finished
2023-02-18 07:17:27,355 [shell_command.py:_check_proc_success()] - Command (git -C /home/pi/moonraker config --get branch.master.remote) successfully finished
2023-02-18 07:17:27,376 [shell_command.py:_check_proc_success()] - Command (git -C /home/pi/moonraker remote get-url origin) successfully finished
2023-02-18 07:17:29,936 [shell_command.py:_check_proc_success()] - Command (git -C /home/pi/moonraker fetch origin --prune --progress) successfully finished
2023-02-18 07:17:29,961 [shell_command.py:_check_proc_success()] - Command (git -C /home/pi/moonraker merge-base --is-ancestor HEAD origin/master) successfully finished
2023-02-18 07:17:29,978 [shell_command.py:_check_proc_success()] - Command (git -C /home/pi/moonraker branch --list) successfully finished
2023-02-18 07:17:29,997 [shell_command.py:_check_proc_success()] - Command (git -C /home/pi/moonraker rev-parse HEAD) successfully finished
2023-02-18 07:17:30,058 [shell_command.py:_check_proc_success()] - Command (git -C /home/pi/moonraker describe --always --tags --long --dirty) successfully finished
2023-02-18 07:17:30,075 [shell_command.py:_check_proc_success()] - Command (git -C /home/pi/moonraker rev-parse origin/master) successfully finished
2023-02-18 07:17:30,138 [shell_command.py:_check_proc_success()] - Command (git -C /home/pi/moonraker describe origin/master --always --tags --long) successfully finished
2023-02-18 07:17:30,165 [shell_command.py:_check_proc_success()] - Command (git -C /home/pi/moonraker rev-list --tags --max-count=1) successfully finished
2023-02-18 07:17:30,192 [shell_command.py:_check_proc_success()] - Command (git -C /home/pi/moonraker describe --tags e20c12619bfb9504ef817fcde82752d47e52f145) successfully finished
2023-02-18 07:17:30,235 [shell_command.py:_check_proc_success()] - Command (git -C /home/pi/moonraker log dde9bcc752c4827ff0ffc01ed99c6f487122c04f..origin/master --format="sha:%H%x1Dauthor:%an%x1Ddate:%ct%x1Dsubject:%s%x1Dmessage:%b%x1E" --max-count=100) successfully finished
2023-02-18 07:17:30,259 [shell_command.py:_check_proc_success()] - Command (git -C /home/pi/moonraker for-each-ref --count=10 --sort='-creatordate' --format='%(if)%(*objecttype)%(then)%(*objecttype) (*objectname)%(else)%(objecttype) %(objectname)%(end) %(refname)' 'refs/tags') successfully finished
2023-02-18 07:17:30,260 [git_deploy.py:log_repo_info()] - Git Repo moonraker Detected:
Owner: Arksine
Repository Name: moonraker
Path: /home/pi/moonraker
Remote: origin
Branch: master
Remote URL: https://github.com/Arksine/moonraker.git
Current Commit SHA: dde9bcc752c4827ff0ffc01ed99c6f487122c04f
Upstream Commit SHA: 0a811b9e44ff1d4b68836f75143d26d09fad5840
Current Version: v0.7.1-780
Upstream Version: v0.7.1-882
Is Dirty: False
Is Detached: False
Commits Behind: 30
Tag Data: {}
Bound Repo: None
Diverged: False
2023-02-18 07:17:30,260 [base_deploy.py:log_info()] - Application moonraker: Channel: dev, Need Channel Update: False
2023-02-18 07:17:30,261 [base_deploy.py:log_info()] - Application moonraker: Validity check for git repo passed
2023-02-18 07:17:30,331 [shell_command.py:_check_proc_success()] - Command (git -C /home/pi/klipper status -u no) successfully finished
2023-02-18 07:17:30,348 [shell_command.py:_check_proc_success()] - Command (git -C /home/pi/klipper config --get branch.master.remote) successfully finished
2023-02-18 07:17:30,366 [shell_command.py:_check_proc_success()] - Command (git -C /home/pi/klipper remote get-url origin) successfully finished
2023-02-18 07:17:37,089 [shell_command.py:_check_proc_success()] - Command (git -C /home/pi/klipper fetch origin --prune --progress) successfully finished
2023-02-18 07:17:37,120 [shell_command.py:_check_proc_success()] - Command (git -C /home/pi/klipper merge-base --is-ancestor HEAD origin/master) successfully finished
2023-02-18 07:17:37,136 [shell_command.py:_check_proc_success()] - Command (git -C /home/pi/klipper branch --list) successfully finished
2023-02-18 07:17:37,154 [shell_command.py:_check_proc_success()] - Command (git -C /home/pi/klipper rev-parse HEAD) successfully finished
2023-02-18 07:17:37,329 [shell_command.py:_check_proc_success()] - Command (git -C /home/pi/klipper describe --always --tags --long --dirty) successfully finished
2023-02-18 07:17:37,347 [shell_command.py:_check_proc_success()] - Command (git -C /home/pi/klipper rev-parse origin/master) successfully finished
2023-02-18 07:17:37,516 [shell_command.py:_check_proc_success()] - Command (git -C /home/pi/klipper describe origin/master --always --tags --long) successfully finished
2023-02-18 07:17:37,535 [shell_command.py:_check_proc_success()] - Command (git -C /home/pi/klipper rev-list --tags --max-count=1) successfully finished
2023-02-18 07:17:37,554 [shell_command.py:_check_proc_success()] - Command (git -C /home/pi/klipper describe --tags e02b725602067a2cd098a62be9a4bb10fc74a9bd) successfully finished
2023-02-18 07:17:37,581 [shell_command.py:_check_proc_success()] - Command (git -C /home/pi/klipper log 51da02b7f8b4a691154b9c5c8f982d35beac9883..origin/master --format="sha:%H%x1Dauthor:%an%x1Ddate:%ct%x1Dsubject:%s%x1Dmessage:%b%x1E" --max-count=100) successfully finished
2023-02-18 07:17:37,606 [shell_command.py:_check_proc_success()] - Command (git -C /home/pi/klipper for-each-ref --count=10 --sort='-creatordate' --format='%(if)%(*objecttype)%(then)%(*objecttype) (*objectname)%(else)%(objecttype) %(objectname)%(end) %(refname)' 'refs/tags') successfully finished
2023-02-18 07:17:37,608 [git_deploy.py:log_repo_info()] - Git Repo klipper Detected:
Owner: Klipper3d
Repository Name: klipper
Path: /home/pi/klipper
Remote: origin
Branch: master
Remote URL: https://github.com/Klipper3d/klipper.git
Current Commit SHA: 51da02b7f8b4a691154b9c5c8f982d35beac9883
Upstream Commit SHA: aca0c71a2b2eb1679923ca2491aadad38cc43081
Current Version: v0.10.0-588
Upstream Version: v0.11.0-110
Is Dirty: False
Is Detached: False
Commits Behind: 30
Tag Data: {}
Bound Repo: None
Diverged: False
2023-02-18 07:17:37,608 [base_deploy.py:log_info()] - Application klipper: Channel: dev, Need Channel Update: False
2023-02-18 07:17:37,608 [base_deploy.py:log_info()] - Application klipper: Validity check for git repo passed
2023-02-18 07:17:38,343 [update_manager.py:_get_remote_version()] - Github client Info Received:
Repo: client fluidd
Local Version: v1.22.1
Remote Version: v1.23.1
Pre-release: False
url: https://github.com/fluidd-core/fluidd/releases/download/v1.23.1/fluidd.zip
size: 3190651
Content Type: application/zip
2023-02-18 07:22:10,680 [job_state.py:_status_update()] - Job Started: test3.gcode
2023-02-18 07:38:30,362 [authorization.py:_check_trusted_connection()] - Trusted Connection Detected, IP: 192.168.0.222
2023-02-18 07:38:30,860 [app.py:log_request()] - 101 GET /websocket?token=2YLIZ4O2D2ZJH2SPV3AUDHW5LRQZQQXK (192.168.0.222) [_TRUSTED_USER_] 4.43ms
2023-02-18 07:38:30,860 [websockets.py:open()] - Websocket Opened: ID: 1730700944, Proxied: True, User Agent: Mozilla/5.0 (Windows NT 10.0; Win64; x64) AppleWebKit/537.36 (KHTML, like Gecko) Chrome/109.0.0.0 Safari/537.36, Host Name: 192.168.0.161
2023-02-18 07:38:30,869 [websockets.py:_handle_identify()] - Websocket 1730700944 Client Identified - Name: fluidd, Version: 1.22.1-71bec92, Type: web
2023-02-18 07:38:30,870 [file_manager.py:get_file_list()] - Updating File List <config>...
2023-02-18 08:13:42,239 [authorization.py:_check_trusted_connection()] - Trusted Connection Detected, IP: 192.168.0.165
2023-02-18 08:13:42,597 [app.py:log_request()] - 101 GET /websocket?token=J7G7MZVWHCZDVJK7ONKSUKLXFR3TTNP2 (192.168.0.165) [_TRUSTED_USER_] 4.42ms
2023-02-18 08:13:42,598 [websockets.py:open()] - Websocket Opened: ID: 1749861072, Proxied: True, User Agent: Mozilla/5.0 (Linux; Android 13; SM-S908U1) AppleWebKit/537.36 (KHTML, like Gecko) Chrome/110.0.0.0 Mobile Safari/537.36, Host Name: 192.168.0.161
2023-02-18 08:13:42,653 [websockets.py:_handle_identify()] - Websocket 1749861072 Client Identified - Name: fluidd, Version: 1.22.1-71bec92, Type: web
2023-02-18 08:13:42,655 [file_manager.py:get_file_list()] - Updating File List <config>...
2023-02-18 08:13:51,112 [websockets.py:on_close()] - Websocket Closed: ID: 1749861072 Close Code: 1001, Close Reason: None, Pong Time Elapsed: 8.51
2023-02-18 08:19:28,519 [app.py:log_request()] - 101 GET /websocket?token=QQZGZ75CPKZRHPCN7DCPYXQO332HZ3NN (192.168.0.165) [_TRUSTED_USER_] 4.45ms
2023-02-18 08:19:28,520 [websockets.py:open()] - Websocket Opened: ID: 1749915216, Proxied: True, User Agent: Mozilla/5.0 (Linux; Android 13; SM-S908U1) AppleWebKit/537.36 (KHTML, like Gecko) Chrome/110.0.0.0 Mobile Safari/537.36, Host Name: 192.168.0.161
2023-02-18 08:19:28,573 [websockets.py:_handle_identify()] - Websocket 1749915216 Client Identified - Name: fluidd, Version: 1.22.1-71bec92, Type: web
2023-02-18 08:19:28,580 [file_manager.py:get_file_list()] - Updating File List <config>...
2023-02-18 08:25:18,605 [websockets.py:write_to_socket()] - Websocket closed while writing: 1749915216
2023-02-18 08:25:23,523 [websockets.py:on_close()] - Websocket Closed: ID: 1749915216 Close Code: None, Close Reason: None, Pong Time Elapsed: 44.97
2023-02-18 08:31:05,421 [app.py:log_request()] - 101 GET /websocket?token=YRNRDIGJJMLLPUC5NHKIKJCS4ES2VEZB (192.168.0.165) [_TRUSTED_USER_] 5.12ms
2023-02-18 08:31:05,423 [websockets.py:open()] - Websocket Opened: ID: 1749793360, Proxied: True, User Agent: Mozilla/5.0 (Linux; Android 13; SM-S908U1) AppleWebKit/537.36 (KHTML, like Gecko) Chrome/110.0.0.0 Mobile Safari/537.36, Host Name: 192.168.0.161
2023-02-18 08:31:05,482 [websockets.py:_handle_identify()] - Websocket 1749793360 Client Identified - Name: fluidd, Version: 1.22.1-71bec92, Type: web
2023-02-18 08:31:05,484 [file_manager.py:get_file_list()] - Updating File List <config>...
2023-02-18 08:35:59,643 [authorization.py:_prune_conn_handler()] - Trusted Connection Expired, IP: 192.168.0.166
2023-02-18 08:36:20,464 [websockets.py:on_close()] - Websocket Closed: ID: 1749793360 Close Code: None, Close Reason: None, Pong Time Elapsed: 4.92
2023-02-18 08:40:59,645 [authorization.py:_prune_conn_handler()] - Trusted Connection Expired, IP: 192.168.0.222
2023-02-18 08:51:03,331 [app.py:log_request()] - 404 GET /server/files/gcodes/.thumbs/test3-32x32.png?cachebust=1676703249.7776444 (192.168.0.166) [No User] 22.62ms
2023-02-18 08:51:20,570 [websockets.py:on_close()] - Websocket Closed: ID: 1749794288 Close Code: 1001, Close Reason: None, Pong Time Elapsed: 5.44
2023-02-18 08:51:43,435 [app.py:log_request()] - 101 GET /websocket?token=J6M5GKIVAUWVG5VS2QNMQ27QOVZYS5MW (192.168.0.165) [_TRUSTED_USER_] 8.42ms
2023-02-18 08:51:43,436 [websockets.py:open()] - Websocket Opened: ID: 1749762416, Proxied: True, User Agent: Mozilla/5.0 (Linux; Android 13; SM-S908U1) AppleWebKit/537.36 (KHTML, like Gecko) Chrome/110.0.0.0 Mobile Safari/537.36, Host Name: 192.168.0.161
2023-02-18 08:51:43,450 [websockets.py:_handle_identify()] - Websocket 1749762416 Client Identified - Name: fluidd, Version: 1.22.1-71bec92, Type: web
2023-02-18 08:51:43,452 [file_manager.py:get_file_list()] - Updating File List <config>...
2023-02-18 08:53:08,029 [websockets.py:on_close()] - Websocket Closed: ID: 1749762416 Close Code: None, Close Reason: None, Pong Time Elapsed: 4.58
2023-02-18 08:58:33,270 [authorization.py:_check_trusted_connection()] - Trusted Connection Detected, IP: 192.168.0.166
2023-02-18 08:58:33,478 [app.py:log_request()] - 101 GET /websocket?token=WETIS57W6ODU46QGXQQOULVV2P3E3AXH (192.168.0.166) [_TRUSTED_USER_] 3.15ms
2023-02-18 08:58:33,479 [websockets.py:open()] - Websocket Opened: ID: 1749748688, Proxied: True, User Agent: Mozilla/5.0 (Windows NT 10.0; Win64; x64) AppleWebKit/537.36 (KHTML, like Gecko) Chrome/110.0.0.0 Safari/537.36, Host Name: 192.168.0.161
2023-02-18 08:58:33,493 [websockets.py:_handle_identify()] - Websocket 1749748688 Client Identified - Name: fluidd, Version: 1.22.1-71bec92, Type: web
2023-02-18 08:58:33,494 [file_manager.py:get_file_list()] - Updating File List <config>...
2023-02-18 08:58:34,040 [websockets.py:build_error()] - JSON-RPC Request Error: -32601
Metadata not available for <test3.gcode>
Traceback (most recent call last):
  File "/home/pi/moonraker/moonraker/websockets.py", line 253, in execute_method
    result = await callback(params)
  File "/home/pi/moonraker/moonraker/websockets.py", line 364, in func
    ip_addr=sc.ip_addr, user=sc.user_info))
  File "/home/pi/moonraker/moonraker/components/file_manager/file_manager.py", line 354, in _handle_metadata_request
    f"Metadata not available for <{requested_file}>", 404)
utils.ServerError: Metadata not available for <test3.gcode>
2023-02-18 09:21:21,338 [websockets.py:on_close()] - Websocket Closed: ID: 1749748688 Close Code: 1001, Close Reason: None, Pong Time Elapsed: 7.85
2023-02-18 09:55:59,667 [authorization.py:_prune_conn_handler()] - Trusted Connection Expired, IP: 192.168.0.165
2023-02-18 09:57:29,704 [app.py:log_request()] - 101 GET /websocket?token=ZWFWXDMIECTV4T63CJYBUAHLMNHIHCDB (192.168.0.166) [_TRUSTED_USER_] 5.14ms
2023-02-18 09:57:29,706 [websockets.py:open()] - Websocket Opened: ID: 1749791664, Proxied: True, User Agent: Mozilla/5.0 (Windows NT 10.0; Win64; x64) AppleWebKit/537.36 (KHTML, like Gecko) Chrome/110.0.0.0 Safari/537.36, Host Name: 192.168.0.161
2023-02-18 09:57:29,721 [websockets.py:_handle_identify()] - Websocket 1749791664 Client Identified - Name: fluidd, Version: 1.22.1-71bec92, Type: web
2023-02-18 09:57:29,723 [file_manager.py:get_file_list()] - Updating File List <config>...
2023-02-18 09:57:30,314 [websockets.py:build_error()] - JSON-RPC Request Error: -32601
Metadata not available for <test3.gcode>
Traceback (most recent call last):
  File "/home/pi/moonraker/moonraker/websockets.py", line 253, in execute_method
    result = await callback(params)
  File "/home/pi/moonraker/moonraker/websockets.py", line 364, in func
    ip_addr=sc.ip_addr, user=sc.user_info))
  File "/home/pi/moonraker/moonraker/components/file_manager/file_manager.py", line 354, in _handle_metadata_request
    f"Metadata not available for <{requested_file}>", 404)
utils.ServerError: Metadata not available for <test3.gcode>
2023-02-18 10:03:14,061 [websockets.py:on_close()] - Websocket Closed: ID: 1749791664 Close Code: 1001, Close Reason: None, Pong Time Elapsed: 4.35
2023-02-18 10:03:14,769 [app.py:log_request()] - 101 GET /websocket?token=JGICSG4DTV7YTXELU2EQNTQZYELKQ5IQ (192.168.0.166) [_TRUSTED_USER_] 3.98ms
2023-02-18 10:03:14,770 [websockets.py:open()] - Websocket Opened: ID: 1749764400, Proxied: True, User Agent: Mozilla/5.0 (Windows NT 10.0; Win64; x64) AppleWebKit/537.36 (KHTML, like Gecko) Chrome/110.0.0.0 Safari/537.36, Host Name: 192.168.0.161
2023-02-18 10:03:14,776 [websockets.py:_handle_identify()] - Websocket 1749764400 Client Identified - Name: fluidd, Version: 1.23.1-8b3b581, Type: web
2023-02-18 10:03:14,777 [file_manager.py:get_file_list()] - Updating File List <config>...
2023-02-18 10:03:15,405 [websockets.py:build_error()] - JSON-RPC Request Error: -32601
Metadata not available for <test3.gcode>
Traceback (most recent call last):
  File "/home/pi/moonraker/moonraker/websockets.py", line 253, in execute_method
    result = await callback(params)
  File "/home/pi/moonraker/moonraker/websockets.py", line 364, in func
    ip_addr=sc.ip_addr, user=sc.user_info))
  File "/home/pi/moonraker/moonraker/components/file_manager/file_manager.py", line 354, in _handle_metadata_request
    f"Metadata not available for <{requested_file}>", 404)
utils.ServerError: Metadata not available for <test3.gcode>
2023-02-18 12:05:59,715 [authorization.py:_prune_conn_handler()] - Trusted Connection Expired, IP: 192.168.0.166
2023-02-18 12:17:30,547 [klippy_connection.py:_process_status_update()] - Klippy has shutdown
2023-02-18 12:17:30,558 [proc_stats.py:_handle_shutdown()] - 
Moonraker System Usage Statistics:
System Time: 1676722620.471919, Usage: 3.34%, Memory: 27376 kB
System Time: 1676722621.472507, Usage: 3.58%, Memory: 27376 kB
System Time: 1676722622.477147, Usage: 3.04%, Memory: 27376 kB
System Time: 1676722623.480681, Usage: 3.26%, Memory: 27376 kB
System Time: 1676722624.485189, Usage: 3.01%, Memory: 27376 kB
System Time: 1676722625.490330, Usage: 3.58%, Memory: 27376 kB
System Time: 1676722626.491832, Usage: 3.38%, Memory: 27376 kB
System Time: 1676722627.494238, Usage: 6.57%, Memory: 27376 kB
System Time: 1676722628.496922, Usage: 3.14%, Memory: 27376 kB
System Time: 1676722629.501568, Usage: 3.24%, Memory: 27376 kB
System Time: 1676722630.503873, Usage: 3.14%, Memory: 27376 kB
System Time: 1676722631.510068, Usage: 3.61%, Memory: 27376 kB
System Time: 1676722632.514686, Usage: 3.15%, Memory: 27376 kB
System Time: 1676722633.516637, Usage: 3.43%, Memory: 27376 kB
System Time: 1676722634.517642, Usage: 3.12%, Memory: 27376 kB
System Time: 1676722635.524963, Usage: 3.32%, Memory: 27376 kB
System Time: 1676722636.523239, Usage: 3.75%, Memory: 27376 kB
System Time: 1676722637.525277, Usage: 6.4%, Memory: 27376 kB
System Time: 1676722638.526982, Usage: 3.19%, Memory: 27376 kB
System Time: 1676722639.529646, Usage: 3.22%, Memory: 27376 kB
System Time: 1676722640.534202, Usage: 3.27%, Memory: 27376 kB
System Time: 1676722641.533336, Usage: 3.93%, Memory: 27376 kB
System Time: 1676722642.538992, Usage: 3.19%, Memory: 27376 kB
System Time: 1676722643.542575, Usage: 3.54%, Memory: 27376 kB
System Time: 1676722644.547282, Usage: 3.49%, Memory: 27376 kB
System Time: 1676722645.549421, Usage: 3.77%, Memory: 27376 kB
System Time: 1676722646.552373, Usage: 3.28%, Memory: 27376 kB
System Time: 1676722647.553672, Usage: 6.5%, Memory: 27376 kB
System Time: 1676722648.553401, Usage: 3.18%, Memory: 27376 kB
System Time: 1676722649.558293, Usage: 3.31%, Memory: 27376 kB
CPU Temperature: 46.16
2023-02-18 12:17:30,599 [proc_stats.py:_handle_shutdown()] - Throttled Flags: Previously Under-Volted Previously Throttled
2023-02-18 12:17:30,684 [authorization.py:_check_trusted_connection()] - Trusted Connection Detected, IP: 192.168.0.166
2023-02-18 12:17:30,878 [authorization.py:_check_trusted_connection()] - Trusted Connection Detected, IP: 192.168.0.222
2023-02-18 12:17:31,884 [klippy_connection.py:_on_connection_closed()] - Klippy Connection Removed
2023-02-18 12:17:31,975 [websockets.py:build_error()] - JSON-RPC Request Error: 503
Klippy Host not connected
Traceback (most recent call last):
  File "/home/pi/moonraker/moonraker/websockets.py", line 253, in execute_method
    result = await callback(params)
  File "/home/pi/moonraker/moonraker/websockets.py", line 351, in func
    user=sc.user_info))
  File "/home/pi/moonraker/moonraker/klippy_connection.py", line 471, in request
    raise ServerError("Klippy Host not connected", 503)
utils.ServerError: Klippy Host not connected
2023-02-18 12:17:31,995 [websockets.py:build_error()] - JSON-RPC Request Error: 503
Klippy Host not connected
Traceback (most recent call last):
  File "/home/pi/moonraker/moonraker/websockets.py", line 253, in execute_method
    result = await callback(params)
  File "/home/pi/moonraker/moonraker/websockets.py", line 351, in func
    user=sc.user_info))
  File "/home/pi/moonraker/moonraker/klippy_connection.py", line 471, in request
    raise ServerError("Klippy Host not connected", 503)
utils.ServerError: Klippy Host not connected
2023-02-18 12:17:33,148 [klippy_connection.py:_do_connect()] - Klippy Connection Established
2023-02-18 12:17:33,655 [klippy_connection.py:_init_klippy_connection()] - Webhooks Subscribed
2023-02-18 12:17:33,683 [klippy_connection.py:_init_klippy_connection()] - GCode Output Subscribed
2023-02-18 12:17:35,153 [job_state.py:_handle_started()] - Job state initialized: standby
2023-02-18 12:17:35,430 [klippy_connection.py:_check_ready()] - Klippy ready
2023-02-18 12:17:35,928 [data_store.py:_init_sensors()] - Configuring available sensors: ['heater_bed', 'temperature_sensor raspberry_pi', 'temperature_sensor mcu_temp', 'extruder']
2023-02-18 12:17:36,565 [app.py:log_request()] - 404 GET /server/files/gcodes/.thumbs/test3-300x300.png?cachebust=1676703249.7776444 (192.168.0.222) [No User] 6.74ms
2023-02-18 13:05:09,421 [app.py:log_request()] - 201 POST /server/files/upload (192.168.0.166) [_TRUSTED_USER_] 29.06ms
2023-02-18 13:20:59,735 [authorization.py:_prune_conn_handler()] - Trusted Connection Expired, IP: 192.168.0.222
2023-02-18 14:05:59,755 [authorization.py:_prune_conn_handler()] - Trusted Connection Expired, IP: 192.168.0.166
2023-02-18 14:21:14,910 [authorization.py:_check_trusted_connection()] - Trusted Connection Detected, IP: 192.168.0.166
2023-02-18 14:24:20,152 [app.py:log_request()] - 201 POST /server/files/upload (192.168.0.166) [_TRUSTED_USER_] 33.18ms
2023-02-18 14:24:21,239 [klippy_connection.py:_on_connection_closed()] - Klippy Connection Removed
2023-02-18 14:24:21,262 [websockets.py:build_error()] - JSON-RPC Request Error: 503
Klippy Host not connected
Traceback (most recent call last):
  File "/home/pi/moonraker/moonraker/websockets.py", line 253, in execute_method
    result = await callback(params)
  File "/home/pi/moonraker/moonraker/websockets.py", line 351, in func
    user=sc.user_info))
  File "/home/pi/moonraker/moonraker/klippy_connection.py", line 471, in request
    raise ServerError("Klippy Host not connected", 503)
utils.ServerError: Klippy Host not connected
2023-02-18 14:24:21,337 [websockets.py:build_error()] - JSON-RPC Request Error: 503
Klippy Host not connected
Traceback (most recent call last):
  File "/home/pi/moonraker/moonraker/websockets.py", line 253, in execute_method
    result = await callback(params)
  File "/home/pi/moonraker/moonraker/websockets.py", line 351, in func
    user=sc.user_info))
  File "/home/pi/moonraker/moonraker/klippy_connection.py", line 471, in request
    raise ServerError("Klippy Host not connected", 503)
utils.ServerError: Klippy Host not connected
2023-02-18 14:24:21,530 [authorization.py:_check_trusted_connection()] - Trusted Connection Detected, IP: 192.168.0.222
2023-02-18 14:24:22,503 [klippy_connection.py:_do_connect()] - Klippy Connection Established
2023-02-18 14:24:22,835 [klippy_connection.py:_init_klippy_connection()] - Webhooks Subscribed
2023-02-18 14:24:22,839 [klippy_connection.py:_init_klippy_connection()] - GCode Output Subscribed
2023-02-18 14:24:24,345 [job_state.py:_handle_started()] - Job state initialized: standby
2023-02-18 14:24:24,622 [klippy_connection.py:_check_ready()] - Klippy ready
2023-02-18 14:24:25,099 [data_store.py:_init_sensors()] - Configuring available sensors: ['heater_bed', 'temperature_sensor raspberry_pi', 'temperature_sensor mcu_temp', 'extruder']
2023-02-18 14:25:41,391 [app.py:log_request()] - 201 POST /server/files/upload (192.168.0.166) [_TRUSTED_USER_] 21.23ms
2023-02-18 14:25:42,479 [klippy_connection.py:_on_connection_closed()] - Klippy Connection Removed
2023-02-18 14:25:42,497 [websockets.py:build_error()] - JSON-RPC Request Error: 503
Klippy Host not connected
Traceback (most recent call last):
  File "/home/pi/moonraker/moonraker/websockets.py", line 253, in execute_method
    result = await callback(params)
  File "/home/pi/moonraker/moonraker/websockets.py", line 351, in func
    user=sc.user_info))
  File "/home/pi/moonraker/moonraker/klippy_connection.py", line 471, in request
    raise ServerError("Klippy Host not connected", 503)
utils.ServerError: Klippy Host not connected
2023-02-18 14:25:42,564 [websockets.py:build_error()] - JSON-RPC Request Error: 503
Klippy Host not connected
Traceback (most recent call last):
  File "/home/pi/moonraker/moonraker/websockets.py", line 253, in execute_method
    result = await callback(params)
  File "/home/pi/moonraker/moonraker/websockets.py", line 351, in func
    user=sc.user_info))
  File "/home/pi/moonraker/moonraker/klippy_connection.py", line 471, in request
    raise ServerError("Klippy Host not connected", 503)
utils.ServerError: Klippy Host not connected
2023-02-18 14:25:43,746 [klippy_connection.py:_do_connect()] - Klippy Connection Established
2023-02-18 14:25:44,081 [klippy_connection.py:_init_klippy_connection()] - Webhooks Subscribed
2023-02-18 14:25:44,084 [klippy_connection.py:_init_klippy_connection()] - GCode Output Subscribed
2023-02-18 14:25:45,628 [job_state.py:_handle_started()] - Job state initialized: standby
2023-02-18 14:25:45,860 [klippy_connection.py:_check_ready()] - Klippy ready
2023-02-18 14:25:46,344 [data_store.py:_init_sensors()] - Configuring available sensors: ['heater_bed', 'temperature_sensor raspberry_pi', 'temperature_sensor mcu_temp', 'extruder']
2023-02-18 14:26:31,635 [app.py:log_request()] - 201 POST /server/files/upload (192.168.0.166) [_TRUSTED_USER_] 25.41ms
2023-02-18 14:26:32,729 [klippy_connection.py:_on_connection_closed()] - Klippy Connection Removed
2023-02-18 14:26:32,751 [websockets.py:build_error()] - JSON-RPC Request Error: 503
Klippy Host not connected
Traceback (most recent call last):
  File "/home/pi/moonraker/moonraker/websockets.py", line 253, in execute_method
    result = await callback(params)
  File "/home/pi/moonraker/moonraker/websockets.py", line 351, in func
    user=sc.user_info))
  File "/home/pi/moonraker/moonraker/klippy_connection.py", line 471, in request
    raise ServerError("Klippy Host not connected", 503)
utils.ServerError: Klippy Host not connected
2023-02-18 14:26:32,832 [websockets.py:build_error()] - JSON-RPC Request Error: 503
Klippy Host not connected
Traceback (most recent call last):
  File "/home/pi/moonraker/moonraker/websockets.py", line 253, in execute_method
    result = await callback(params)
  File "/home/pi/moonraker/moonraker/websockets.py", line 351, in func
    user=sc.user_info))
  File "/home/pi/moonraker/moonraker/klippy_connection.py", line 471, in request
    raise ServerError("Klippy Host not connected", 503)
utils.ServerError: Klippy Host not connected
2023-02-18 14:26:33,992 [klippy_connection.py:_do_connect()] - Klippy Connection Established
2023-02-18 14:26:34,346 [klippy_connection.py:_init_klippy_connection()] - Webhooks Subscribed
2023-02-18 14:26:34,370 [klippy_connection.py:_init_klippy_connection()] - GCode Output Subscribed
2023-02-18 14:26:34,384 [klippy_connection.py:_check_ready()] - 
Option 'set_led led' is not valid in section 'gcode_shell_command backup_cfg'

Once the underlying issue is corrected, use the "RESTART"
command to reload the config and restart the host software.
Printer is halted

2023-02-18 14:27:31,328 [app.py:log_request()] - 201 POST /server/files/upload (192.168.0.166) [_TRUSTED_USER_] 21.14ms
2023-02-18 14:27:31,694 [klippy_connection.py:close()] - Error closing Klippy Unix Socket
Traceback (most recent call last):
  File "/home/pi/moonraker/moonraker/klippy_connection.py", line 577, in close
    await self.writer.wait_closed()
  File "/usr/lib/python3.7/asyncio/streams.py", line 323, in wait_closed
    await self._protocol._closed
  File "/home/pi/moonraker/moonraker/klippy_connection.py", line 143, in _read_stream
    data = await reader.readuntil(b'\x03')
  File "/usr/lib/python3.7/asyncio/streams.py", line 588, in readuntil
    await self._wait_for_data('readuntil')
  File "/usr/lib/python3.7/asyncio/streams.py", line 473, in _wait_for_data
    await self._waiter
  File "/usr/lib/python3.7/asyncio/selector_events.py", line 801, in _read_ready__data_received
    data = self._sock.recv(self.max_size)
ConnectionResetError: [Errno 104] Connection reset by peer
2023-02-18 14:27:31,695 [klippy_connection.py:_on_connection_closed()] - Klippy Connection Removed
2023-02-18 14:27:31,700 [websockets.py:build_error()] - JSON-RPC Request Error: 503
Klippy Disconnected
Traceback (most recent call last):
  File "/home/pi/moonraker/moonraker/websockets.py", line 253, in execute_method
    result = await callback(params)
  File "/home/pi/moonraker/moonraker/websockets.py", line 351, in func
    user=sc.user_info))
  File "/home/pi/moonraker/moonraker/klippy_connection.py", line 481, in request
    return await self._request_standard(web_request)
  File "/home/pi/moonraker/moonraker/klippy_connection.py", line 536, in _request_standard
    return await base_request.wait()
  File "/home/pi/moonraker/moonraker/klippy_connection.py", line 608, in wait
    raise self.response
utils.ServerError: Klippy Disconnected
2023-02-18 14:27:31,716 [websockets.py:build_error()] - JSON-RPC Request Error: 503
Klippy Host not connected
Traceback (most recent call last):
  File "/home/pi/moonraker/moonraker/websockets.py", line 253, in execute_method
    result = await callback(params)
  File "/home/pi/moonraker/moonraker/websockets.py", line 351, in func
    user=sc.user_info))
  File "/home/pi/moonraker/moonraker/klippy_connection.py", line 471, in request
    raise ServerError("Klippy Host not connected", 503)
utils.ServerError: Klippy Host not connected
2023-02-18 14:27:31,801 [websockets.py:build_error()] - JSON-RPC Request Error: 503
Klippy Host not connected
Traceback (most recent call last):
  File "/home/pi/moonraker/moonraker/websockets.py", line 253, in execute_method
    result = await callback(params)
  File "/home/pi/moonraker/moonraker/websockets.py", line 351, in func
    user=sc.user_info))
  File "/home/pi/moonraker/moonraker/klippy_connection.py", line 471, in request
    raise ServerError("Klippy Host not connected", 503)
utils.ServerError: Klippy Host not connected
2023-02-18 14:27:32,960 [klippy_connection.py:_do_connect()] - Klippy Connection Established
2023-02-18 14:27:33,299 [klippy_connection.py:_init_klippy_connection()] - Webhooks Subscribed
2023-02-18 14:27:33,302 [klippy_connection.py:_init_klippy_connection()] - GCode Output Subscribed
2023-02-18 14:27:33,309 [klippy_connection.py:_check_ready()] - 
Option 'gcode' is not valid in section 'gcode_shell_command backup_cfg'

Once the underlying issue is corrected, use the "RESTART"
command to reload the config and restart the host software.
Printer is halted

2023-02-18 14:28:26,866 [app.py:log_request()] - 201 POST /server/files/upload (192.168.0.166) [_TRUSTED_USER_] 21.26ms
2023-02-18 14:28:27,224 [klippy_connection.py:_on_connection_closed()] - Klippy Connection Removed
2023-02-18 14:28:27,243 [websockets.py:build_error()] - JSON-RPC Request Error: 503
Klippy Host not connected
Traceback (most recent call last):
  File "/home/pi/moonraker/moonraker/websockets.py", line 253, in execute_method
    result = await callback(params)
  File "/home/pi/moonraker/moonraker/websockets.py", line 351, in func
    user=sc.user_info))
  File "/home/pi/moonraker/moonraker/klippy_connection.py", line 471, in request
    raise ServerError("Klippy Host not connected", 503)
utils.ServerError: Klippy Host not connected
2023-02-18 14:28:27,317 [websockets.py:build_error()] - JSON-RPC Request Error: 503
Klippy Host not connected
Traceback (most recent call last):
  File "/home/pi/moonraker/moonraker/websockets.py", line 253, in execute_method
    result = await callback(params)
  File "/home/pi/moonraker/moonraker/websockets.py", line 351, in func
    user=sc.user_info))
  File "/home/pi/moonraker/moonraker/klippy_connection.py", line 471, in request
    raise ServerError("Klippy Host not connected", 503)
utils.ServerError: Klippy Host not connected
2023-02-18 14:28:28,485 [klippy_connection.py:_do_connect()] - Klippy Connection Established
2023-02-18 14:28:28,821 [klippy_connection.py:_init_klippy_connection()] - Webhooks Subscribed
2023-02-18 14:28:28,826 [klippy_connection.py:_init_klippy_connection()] - GCode Output Subscribed
2023-02-18 14:28:30,385 [job_state.py:_handle_started()] - Job state initialized: standby
2023-02-18 14:28:30,607 [klippy_connection.py:_check_ready()] - Klippy ready
2023-02-18 14:28:31,082 [data_store.py:_init_sensors()] - Configuring available sensors: ['heater_bed', 'temperature_sensor raspberry_pi', 'temperature_sensor mcu_temp', 'extruder']
2023-02-18 14:30:59,573 [app.py:log_request()] - 201 POST /server/files/upload (192.168.0.166) [_TRUSTED_USER_] 22.85ms
2023-02-18 14:31:44,149 [app.py:log_request()] - 201 POST /server/files/upload (192.168.0.166) [_TRUSTED_USER_] 21.16ms
2023-02-18 14:31:45,237 [klippy_connection.py:_on_connection_closed()] - Klippy Connection Removed
2023-02-18 14:31:45,259 [websockets.py:build_error()] - JSON-RPC Request Error: 503
Klippy Host not connected
Traceback (most recent call last):
  File "/home/pi/moonraker/moonraker/websockets.py", line 253, in execute_method
    result = await callback(params)
  File "/home/pi/moonraker/moonraker/websockets.py", line 351, in func
    user=sc.user_info))
  File "/home/pi/moonraker/moonraker/klippy_connection.py", line 471, in request
    raise ServerError("Klippy Host not connected", 503)
utils.ServerError: Klippy Host not connected
2023-02-18 14:31:45,337 [websockets.py:build_error()] - JSON-RPC Request Error: 503
Klippy Host not connected
Traceback (most recent call last):
  File "/home/pi/moonraker/moonraker/websockets.py", line 253, in execute_method
    result = await callback(params)
  File "/home/pi/moonraker/moonraker/websockets.py", line 351, in func
    user=sc.user_info))
  File "/home/pi/moonraker/moonraker/klippy_connection.py", line 471, in request
    raise ServerError("Klippy Host not connected", 503)
utils.ServerError: Klippy Host not connected
2023-02-18 14:31:46,498 [klippy_connection.py:_do_connect()] - Klippy Connection Established
2023-02-18 14:31:46,851 [klippy_connection.py:_init_klippy_connection()] - Webhooks Subscribed
2023-02-18 14:31:46,858 [klippy_connection.py:_init_klippy_connection()] - GCode Output Subscribed
2023-02-18 14:31:48,357 [job_state.py:_handle_started()] - Job state initialized: standby
2023-02-18 14:31:48,631 [klippy_connection.py:_check_ready()] - Klippy ready
2023-02-18 14:31:49,111 [data_store.py:_init_sensors()] - Configuring available sensors: ['heater_bed', 'temperature_sensor raspberry_pi', 'temperature_sensor mcu_temp', 'extruder']
